{"/home/travis/build/npmtest/node-npmtest-rsync/test.js":{"path":"/home/travis/build/npmtest/node-npmtest-rsync/test.js","s":{"1":2,"2":2,"3":2,"4":2,"5":2,"6":2,"7":2,"8":1,"9":2,"10":2,"11":1,"12":1,"13":1,"14":1,"15":2,"16":2,"17":2,"18":2,"19":1,"20":1,"21":2,"22":2,"23":2,"24":1,"25":1,"26":1,"27":1,"28":1,"29":1,"30":1,"31":1,"32":1,"33":1,"34":1,"35":1,"36":1,"37":1,"38":1,"39":2,"40":2,"41":1,"42":2,"43":2,"44":1,"45":2,"46":2,"47":1,"48":2,"49":2,"50":1,"51":1,"52":1,"53":1,"54":1},"b":{"1":[2,1,1,1],"2":[1,1,1,1],"3":[1,1],"4":[1,1],"5":[1,1],"6":[1,1],"7":[1,1],"8":[1,1],"9":[1,1],"10":[1,1,1],"11":[1,1],"12":[1,1],"13":[1,1],"14":[1,1],"15":[1,1],"16":[1,1],"17":[1,1]},"f":{"1":2,"2":2,"3":2,"4":2,"5":2,"6":1,"7":1,"8":1,"9":2,"10":2,"11":2,"12":2,"13":1},"fnMap":{"1":{"name":"(anonymous_1)","line":12,"loc":{"start":{"line":12,"column":1},"end":{"line":12,"column":13}}},"2":{"name":"(anonymous_2)","line":19,"loc":{"start":{"line":19,"column":5},"end":{"line":19,"column":17}}},"3":{"name":"(anonymous_3)","line":23,"loc":{"start":{"line":23,"column":24},"end":{"line":23,"column":36}}},"4":{"name":"(anonymous_4)","line":61,"loc":{"start":{"line":61,"column":5},"end":{"line":61,"column":17}}},"5":{"name":"(anonymous_5)","line":82,"loc":{"start":{"line":82,"column":5},"end":{"line":82,"column":17}}},"6":{"name":"(anonymous_6)","line":91,"loc":{"start":{"line":91,"column":77},"end":{"line":94,"column":10}}},"7":{"name":"(anonymous_7)","line":112,"loc":{"start":{"line":112,"column":83},"end":{"line":115,"column":10}},"skip":true},"8":{"name":"(anonymous_8)","line":123,"loc":{"start":{"line":123,"column":77},"end":{"line":126,"column":10}},"skip":true},"9":{"name":"(anonymous_9)","line":139,"loc":{"start":{"line":139,"column":12},"end":{"line":139,"column":40}},"skip":true},"10":{"name":"(anonymous_10)","line":147,"loc":{"start":{"line":147,"column":77},"end":{"line":150,"column":10}},"skip":true},"11":{"name":"(anonymous_11)","line":158,"loc":{"start":{"line":158,"column":83},"end":{"line":161,"column":10}},"skip":true},"12":{"name":"(anonymous_12)","line":169,"loc":{"start":{"line":169,"column":79},"end":{"line":172,"column":10}},"skip":true},"13":{"name":"(anonymous_13)","line":180,"loc":{"start":{"line":180,"column":75},"end":{"line":183,"column":10}},"skip":true}},"statementMap":{"1":{"start":{"line":12,"column":0},"end":{"line":195,"column":5}},"2":{"start":{"line":14,"column":4},"end":{"line":14,"column":14}},"3":{"start":{"line":19,"column":4},"end":{"line":56,"column":9}},"4":{"start":{"line":21,"column":8},"end":{"line":21,"column":19}},"5":{"start":{"line":23,"column":8},"end":{"line":35,"column":13}},"6":{"start":{"line":24,"column":12},"end":{"line":34,"column":13}},"7":{"start":{"line":25,"column":16},"end":{"line":28,"column":30}},"8":{"start":{"line":30,"column":16},"end":{"line":33,"column":27}},"9":{"start":{"line":37,"column":8},"end":{"line":39,"column":21}},"10":{"start":{"line":40,"column":8},"end":{"line":53,"column":9}},"11":{"start":{"line":43,"column":12},"end":{"line":46,"column":14}},"12":{"start":{"line":47,"column":12},"end":{"line":47,"column":18}},"13":{"start":{"line":50,"column":12},"end":{"line":51,"column":46}},"14":{"start":{"line":52,"column":12},"end":{"line":52,"column":18}},"15":{"start":{"line":55,"column":8},"end":{"line":55,"column":35}},"16":{"start":{"line":61,"column":4},"end":{"line":63,"column":9}},"17":{"start":{"line":62,"column":8},"end":{"line":62,"column":15}},"18":{"start":{"line":64,"column":4},"end":{"line":77,"column":5}},"19":{"start":{"line":70,"column":8},"end":{"line":70,"column":14}},"20":{"start":{"line":76,"column":8},"end":{"line":76,"column":14}},"21":{"start":{"line":82,"column":4},"end":{"line":84,"column":9}},"22":{"start":{"line":83,"column":8},"end":{"line":83,"column":15}},"23":{"start":{"line":85,"column":4},"end":{"line":194,"column":5}},"24":{"start":{"line":91,"column":8},"end":{"line":99,"column":10}},"25":{"start":{"line":98,"column":12},"end":{"line":98,"column":35}},"26":{"start":{"line":102,"column":8},"end":{"line":104,"column":63}},"27":{"start":{"line":105,"column":8},"end":{"line":105,"column":14}},"28":{"start":{"line":112,"column":8},"end":{"line":121,"column":10},"skip":true},"29":{"start":{"line":119,"column":12},"end":{"line":119,"column":55},"skip":true},"30":{"start":{"line":120,"column":12},"end":{"line":120,"column":48},"skip":true},"31":{"start":{"line":123,"column":8},"end":{"line":136,"column":10},"skip":true},"32":{"start":{"line":130,"column":12},"end":{"line":130,"column":76},"skip":true},"33":{"start":{"line":131,"column":12},"end":{"line":131,"column":73},"skip":true},"34":{"start":{"line":132,"column":12},"end":{"line":132,"column":74},"skip":true},"35":{"start":{"line":133,"column":12},"end":{"line":133,"column":79},"skip":true},"36":{"start":{"line":134,"column":12},"end":{"line":134,"column":25},"skip":true},"37":{"start":{"line":135,"column":12},"end":{"line":135,"column":45},"skip":true},"38":{"start":{"line":138,"column":8},"end":{"line":145,"column":14},"skip":true},"39":{"start":{"line":143,"column":16},"end":{"line":143,"column":29},"skip":true},"40":{"start":{"line":144,"column":16},"end":{"line":144,"column":55},"skip":true},"41":{"start":{"line":147,"column":8},"end":{"line":156,"column":10},"skip":true},"42":{"start":{"line":154,"column":12},"end":{"line":154,"column":25},"skip":true},"43":{"start":{"line":155,"column":12},"end":{"line":155,"column":45},"skip":true},"44":{"start":{"line":158,"column":8},"end":{"line":167,"column":10},"skip":true},"45":{"start":{"line":165,"column":12},"end":{"line":165,"column":25},"skip":true},"46":{"start":{"line":166,"column":12},"end":{"line":166,"column":48},"skip":true},"47":{"start":{"line":169,"column":8},"end":{"line":178,"column":10},"skip":true},"48":{"start":{"line":176,"column":12},"end":{"line":176,"column":25},"skip":true},"49":{"start":{"line":177,"column":12},"end":{"line":177,"column":46},"skip":true},"50":{"start":{"line":180,"column":8},"end":{"line":189,"column":10},"skip":true},"51":{"start":{"line":187,"column":12},"end":{"line":187,"column":94},"skip":true},"52":{"start":{"line":188,"column":12},"end":{"line":188,"column":48},"skip":true},"53":{"start":{"line":192,"column":8},"end":{"line":192,"column":35},"skip":true},"54":{"start":{"line":193,"column":8},"end":{"line":193,"column":14},"skip":true}},"branchMap":{"1":{"line":25,"type":"binary-expr","locations":[{"start":{"line":25,"column":23},"end":{"line":25,"column":62}},{"start":{"line":26,"column":20},"end":{"line":26,"column":70}},{"start":{"line":27,"column":20},"end":{"line":27,"column":71}},{"start":{"line":28,"column":20},"end":{"line":28,"column":29}}]},"2":{"line":30,"type":"binary-expr","locations":[{"start":{"line":30,"column":23},"end":{"line":30,"column":37}},{"start":{"line":31,"column":20},"end":{"line":31,"column":61}},{"start":{"line":32,"column":20},"end":{"line":32,"column":70}},{"start":{"line":33,"column":20},"end":{"line":33,"column":26}}]},"3":{"line":37,"type":"cond-expr","locations":[{"start":{"line":38,"column":14},"end":{"line":38,"column":20}},{"start":{"line":39,"column":14},"end":{"line":39,"column":20}}]},"4":{"line":40,"type":"switch","locations":[{"start":{"line":42,"column":8},"end":{"line":47,"column":18}},{"start":{"line":49,"column":8},"end":{"line":52,"column":18}}]},"5":{"line":44,"type":"binary-expr","locations":[{"start":{"line":44,"column":16},"end":{"line":44,"column":44}},{"start":{"line":44,"column":48},"end":{"line":44,"column":66}}]},"6":{"line":50,"type":"binary-expr","locations":[{"start":{"line":50,"column":21},"end":{"line":50,"column":49}},{"start":{"line":50,"column":53},"end":{"line":50,"column":72}}]},"7":{"line":64,"type":"switch","locations":[{"start":{"line":69,"column":4},"end":{"line":70,"column":14}},{"start":{"line":75,"column":4},"end":{"line":76,"column":14}}]},"8":{"line":85,"type":"switch","locations":[{"start":{"line":90,"column":4},"end":{"line":105,"column":14}},{"start":{"line":111,"column":4},"end":{"line":193,"column":14},"skip":true}]},"9":{"line":91,"type":"binary-expr","locations":[{"start":{"line":91,"column":42},"end":{"line":91,"column":73}},{"start":{"line":91,"column":77},"end":{"line":99,"column":9}}]},"10":{"line":102,"type":"binary-expr","locations":[{"start":{"line":102,"column":18},"end":{"line":102,"column":32}},{"start":{"line":103,"column":12},"end":{"line":103,"column":53}},{"start":{"line":104,"column":12},"end":{"line":104,"column":61}}]},"11":{"line":112,"type":"binary-expr","locations":[{"start":{"line":112,"column":45},"end":{"line":112,"column":79},"skip":true},{"start":{"line":112,"column":83},"end":{"line":121,"column":9},"skip":true}]},"12":{"line":123,"type":"binary-expr","locations":[{"start":{"line":123,"column":42},"end":{"line":123,"column":73},"skip":true},{"start":{"line":123,"column":77},"end":{"line":136,"column":9},"skip":true}]},"13":{"line":138,"type":"binary-expr","locations":[{"start":{"line":138,"column":48},"end":{"line":138,"column":85},"skip":true},{"start":{"line":139,"column":12},"end":{"line":145,"column":13},"skip":true}]},"14":{"line":147,"type":"binary-expr","locations":[{"start":{"line":147,"column":42},"end":{"line":147,"column":73},"skip":true},{"start":{"line":147,"column":77},"end":{"line":156,"column":9},"skip":true}]},"15":{"line":158,"type":"binary-expr","locations":[{"start":{"line":158,"column":45},"end":{"line":158,"column":79},"skip":true},{"start":{"line":158,"column":83},"end":{"line":167,"column":9},"skip":true}]},"16":{"line":169,"type":"binary-expr","locations":[{"start":{"line":169,"column":43},"end":{"line":169,"column":75},"skip":true},{"start":{"line":169,"column":79},"end":{"line":178,"column":9},"skip":true}]},"17":{"line":180,"type":"binary-expr","locations":[{"start":{"line":180,"column":41},"end":{"line":180,"column":71},"skip":true},{"start":{"line":180,"column":75},"end":{"line":189,"column":9},"skip":true}]}},"code":["/* istanbul instrument in package npmtest_rsync */","/*jslint","    bitwise: true,","    browser: true,","    maxerr: 8,","    maxlen: 96,","    node: true,","    nomen: true,","    regexp: true,","    stupid: true","*/","(function () {","    'use strict';","    var local;","","","","    // run shared js-env code - pre-init","    (function () {","        // init local","        local = {};","        // init modeJs","        local.modeJs = (function () {","            try {","                return typeof navigator.userAgent === 'string' &&","                    typeof document.querySelector('body') === 'object' &&","                    typeof XMLHttpRequest.prototype.open === 'function' &&","                    'browser';","            } catch (errorCaughtBrowser) {","                return module.exports &&","                    typeof process.versions.node === 'string' &&","                    typeof require('http').createServer === 'function' &&","                    'node';","            }","        }());","        // init global","        local.global = local.modeJs === 'browser'","            ? window","            : global;","        switch (local.modeJs) {","        // re-init local from window.local","        case 'browser':","            local = local.global.utility2.objectSetDefault(","                local.global.utility2_rollup || local.global.local,","                local.global.utility2","            );","            break;","        // re-init local from example.js","        case 'node':","            local = (local.global.utility2_rollup || require('utility2'))","                .requireExampleJsFromReadme();","            break;","        }","        // export local","        local.global.local = local;","    }());","","","","    // run shared js-env code - function","    (function () {","        return;","    }());","    switch (local.modeJs) {","","","","    // run browser js-env code - function","    case 'browser':","        break;","","","","    // run node js-env code - function","    case 'node':","        break;","    }","","","","    // run shared js-env code - post-init","    (function () {","        return;","    }());","    switch (local.modeJs) {","","","","    // run browser js-env code - post-init","    case 'browser':","        local.testCase_browser_nullCase = local.testCase_browser_nullCase || function (","            options,","            onError","        ) {","        /*","         * this function will test browsers's null-case handling-behavior-behavior","         */","            onError(null, options);","        };","","        // run tests","        local.nop(local.modeTest &&","            document.querySelector('#testRunButton1') &&","            document.querySelector('#testRunButton1').click());","        break;","","","","    // run node js-env code - post-init","    /* istanbul ignore next */","    case 'node':","        local.testCase_buildApidoc_default = local.testCase_buildApidoc_default || function (","            options,","            onError","        ) {","        /*","         * this function will test buildApidoc's default handling-behavior-behavior","         */","            options = { modulePathList: module.paths };","            local.buildApidoc(options, onError);","        };","","        local.testCase_buildApp_default = local.testCase_buildApp_default || function (","            options,","            onError","        ) {","        /*","         * this function will test buildApp's default handling-behavior-behavior","         */","            local.testCase_buildReadme_default(options, local.onErrorThrow);","            local.testCase_buildLib_default(options, local.onErrorThrow);","            local.testCase_buildTest_default(options, local.onErrorThrow);","            local.testCase_buildCustomOrg_default(options, local.onErrorThrow);","            options = [];","            local.buildApp(options, onError);","        };","","        local.testCase_buildCustomOrg_default = local.testCase_buildCustomOrg_default ||","            function (options, onError) {","            /*","             * this function will test buildCustomOrg's default handling-behavior","             */","                options = {};","                local.buildCustomOrg(options, onError);","            };","","        local.testCase_buildLib_default = local.testCase_buildLib_default || function (","            options,","            onError","        ) {","        /*","         * this function will test buildLib's default handling-behavior","         */","            options = {};","            local.buildLib(options, onError);","        };","","        local.testCase_buildReadme_default = local.testCase_buildReadme_default || function (","            options,","            onError","        ) {","        /*","         * this function will test buildReadme's default handling-behavior-behavior","         */","            options = {};","            local.buildReadme(options, onError);","        };","","        local.testCase_buildTest_default = local.testCase_buildTest_default || function (","            options,","            onError","        ) {","        /*","         * this function will test buildTest's default handling-behavior","         */","            options = {};","            local.buildTest(options, onError);","        };","","        local.testCase_webpage_default = local.testCase_webpage_default || function (","            options,","            onError","        ) {","        /*","         * this function will test webpage's default handling-behavior","         */","            options = { modeCoverageMerge: true, url: local.serverLocalHost + '?modeTest=1' };","            local.browserTest(options, onError);","        };","","        // run test-server","        local.testRunServer(local);","        break;","    }","}());",""],"l":{"12":2,"14":2,"19":2,"21":2,"23":2,"24":2,"25":2,"30":1,"37":2,"40":2,"43":1,"47":1,"50":1,"52":1,"55":2,"61":2,"62":2,"64":2,"70":1,"76":1,"82":2,"83":2,"85":2,"91":1,"98":1,"102":1,"105":1,"112":1,"119":1,"120":1,"123":1,"130":1,"131":1,"132":1,"133":1,"134":1,"135":1,"138":1,"143":2,"144":2,"147":1,"154":2,"155":2,"158":1,"165":2,"166":2,"169":1,"176":2,"177":2,"180":1,"187":1,"188":1,"192":1,"193":1}},"/home/travis/build/npmtest/node-npmtest-rsync/lib.npmtest_rsync.js":{"path":"/home/travis/build/npmtest/node-npmtest-rsync/lib.npmtest_rsync.js","s":{"1":2,"2":2,"3":2,"4":2,"5":2,"6":2,"7":2,"8":1,"9":2,"10":2,"11":2,"12":2,"13":1,"14":1,"15":1,"16":1},"b":{"1":[2,1,1,1],"2":[1,1,1,1],"3":[1,1],"4":[2,2],"5":[1,1]},"f":{"1":2,"2":2,"3":2},"fnMap":{"1":{"name":"(anonymous_1)","line":12,"loc":{"start":{"line":12,"column":1},"end":{"line":12,"column":13}}},"2":{"name":"(anonymous_2)","line":19,"loc":{"start":{"line":19,"column":5},"end":{"line":19,"column":17}}},"3":{"name":"(anonymous_3)","line":23,"loc":{"start":{"line":23,"column":24},"end":{"line":23,"column":36}}}},"statementMap":{"1":{"start":{"line":12,"column":0},"end":{"line":53,"column":5}},"2":{"start":{"line":14,"column":4},"end":{"line":14,"column":14}},"3":{"start":{"line":19,"column":4},"end":{"line":52,"column":9}},"4":{"start":{"line":21,"column":8},"end":{"line":21,"column":19}},"5":{"start":{"line":23,"column":8},"end":{"line":35,"column":13}},"6":{"start":{"line":24,"column":12},"end":{"line":34,"column":13}},"7":{"start":{"line":25,"column":16},"end":{"line":28,"column":30}},"8":{"start":{"line":30,"column":16},"end":{"line":33,"column":27}},"9":{"start":{"line":37,"column":8},"end":{"line":39,"column":21}},"10":{"start":{"line":41,"column":8},"end":{"line":41,"column":54}},"11":{"start":{"line":43,"column":8},"end":{"line":43,"column":50}},"12":{"start":{"line":45,"column":8},"end":{"line":51,"column":9}},"13":{"start":{"line":46,"column":12},"end":{"line":46,"column":56}},"14":{"start":{"line":48,"column":12},"end":{"line":48,"column":35}},"15":{"start":{"line":49,"column":12},"end":{"line":49,"column":49}},"16":{"start":{"line":50,"column":12},"end":{"line":50,"column":43}}},"branchMap":{"1":{"line":25,"type":"binary-expr","locations":[{"start":{"line":25,"column":23},"end":{"line":25,"column":62}},{"start":{"line":26,"column":20},"end":{"line":26,"column":70}},{"start":{"line":27,"column":20},"end":{"line":27,"column":71}},{"start":{"line":28,"column":20},"end":{"line":28,"column":29}}]},"2":{"line":30,"type":"binary-expr","locations":[{"start":{"line":30,"column":23},"end":{"line":30,"column":37}},{"start":{"line":31,"column":20},"end":{"line":31,"column":61}},{"start":{"line":32,"column":20},"end":{"line":32,"column":70}},{"start":{"line":33,"column":20},"end":{"line":33,"column":26}}]},"3":{"line":37,"type":"cond-expr","locations":[{"start":{"line":38,"column":14},"end":{"line":38,"column":20}},{"start":{"line":39,"column":14},"end":{"line":39,"column":20}}]},"4":{"line":41,"type":"binary-expr","locations":[{"start":{"line":41,"column":16},"end":{"line":41,"column":44}},{"start":{"line":41,"column":48},"end":{"line":41,"column":53}}]},"5":{"line":45,"type":"if","locations":[{"start":{"line":45,"column":8},"end":{"line":45,"column":8}},{"start":{"line":45,"column":8},"end":{"line":45,"column":8}}]}},"code":["/* istanbul instrument in package npmtest_rsync */","/*jslint","    bitwise: true,","    browser: true,","    maxerr: 8,","    maxlen: 96,","    node: true,","    nomen: true,","    regexp: true,","    stupid: true","*/","(function () {","    'use strict';","    var local;","","","","    // run shared js-env code - pre-init","    (function () {","        // init local","        local = {};","        // init modeJs","        local.modeJs = (function () {","            try {","                return typeof navigator.userAgent === 'string' &&","                    typeof document.querySelector('body') === 'object' &&","                    typeof XMLHttpRequest.prototype.open === 'function' &&","                    'browser';","            } catch (errorCaughtBrowser) {","                return module.exports &&","                    typeof process.versions.node === 'string' &&","                    typeof require('http').createServer === 'function' &&","                    'node';","            }","        }());","        // init global","        local.global = local.modeJs === 'browser'","            ? window","            : global;","        // init utility2_rollup","        local = local.global.utility2_rollup || local;","        // init lib","        local.local = local.npmtest_rsync = local;","        // init exports","        if (local.modeJs === 'browser') {","            local.global.utility2_npmtest_rsync = local;","        } else {","            module.exports = local;","            module.exports.__dirname = __dirname;","            module.exports.module = module;","        }","    }());","}());",""],"l":{"12":2,"14":2,"19":2,"21":2,"23":2,"24":2,"25":2,"30":1,"37":2,"41":2,"43":2,"45":2,"46":1,"48":1,"49":1,"50":1}},"/home/travis/build/npmtest/node-npmtest-rsync/example.js":{"path":"/home/travis/build/npmtest/node-npmtest-rsync/example.js","s":{"1":2,"2":2,"3":2,"4":2,"5":2,"6":2,"7":2,"8":1,"9":2,"10":2,"11":2,"12":2,"13":1,"14":2,"15":2,"16":2,"17":2,"18":2,"19":0,"20":2,"21":1,"22":1,"23":1,"24":1,"25":1,"26":0,"27":0,"28":1,"29":1,"30":2,"31":0,"32":0,"33":0,"34":1,"35":2,"36":2,"37":3,"38":3,"39":3,"40":3,"41":0,"42":3,"43":3,"44":3,"45":1,"46":3,"47":1,"48":1,"49":1,"50":1,"51":1,"52":1,"53":1,"54":1,"55":1,"56":1,"57":0,"58":1,"59":6,"60":6,"61":1,"62":2,"63":0,"64":2,"65":1,"66":1,"67":0,"68":0,"69":0,"70":0,"71":0,"72":0,"73":0,"74":0,"75":0,"76":0,"77":0,"78":0,"79":0,"80":0,"81":0,"82":0,"83":0},"b":{"1":[2,1,1,1],"2":[1,1,1,1],"3":[1,1],"4":[2,2],"5":[1,1],"6":[1,1],"7":[2,0],"8":[2,1,1,1,1,1],"9":[0,2,0],"10":[1,1],"11":[2,1,1],"12":[1,0],"13":[0,2],"14":[2,0,0,0,0,0,0],"15":[0,3],"16":[3,0],"17":[1,1],"18":[0,1],"19":[1,2,0,2],"20":[1,0],"21":[1,1],"22":[0,0],"23":[0,0],"24":[0,0],"25":[0,0],"26":[0,0],"27":[0,0],"28":[0,0]},"f":{"1":2,"2":2,"3":2,"4":2,"5":2,"6":2,"7":3,"8":3,"9":3,"10":1,"11":6,"12":0},"fnMap":{"1":{"name":"(anonymous_1)","line":26,"loc":{"start":{"line":26,"column":1},"end":{"line":26,"column":13}}},"2":{"name":"(anonymous_2)","line":33,"loc":{"start":{"line":33,"column":5},"end":{"line":33,"column":17}}},"3":{"name":"(anonymous_3)","line":37,"loc":{"start":{"line":37,"column":24},"end":{"line":37,"column":36}}},"4":{"name":"(anonymous_4)","line":69,"loc":{"start":{"line":69,"column":31},"end":{"line":69,"column":48}},"skip":true},"5":{"name":"(anonymous_5)","line":78,"loc":{"start":{"line":78,"column":26},"end":{"line":78,"column":45}},"skip":true},"6":{"name":"(anonymous_6)","line":123,"loc":{"start":{"line":123,"column":33},"end":{"line":123,"column":48}},"skip":true},"7":{"name":"(anonymous_7)","line":125,"loc":{"start":{"line":125,"column":27},"end":{"line":125,"column":39}},"skip":true},"8":{"name":"(anonymous_8)","line":133,"loc":{"start":{"line":133,"column":59},"end":{"line":133,"column":74}},"skip":true},"9":{"name":"(anonymous_9)","line":143,"loc":{"start":{"line":143,"column":45},"end":{"line":143,"column":62}},"skip":true},"10":{"name":"(anonymous_10)","line":144,"loc":{"start":{"line":144,"column":73},"end":{"line":144,"column":92}},"skip":true},"11":{"name":"(anonymous_11)","line":272,"loc":{"start":{"line":272,"column":51},"end":{"line":272,"column":77}},"skip":true},"12":{"name":"(anonymous_12)","line":315,"loc":{"start":{"line":315,"column":32},"end":{"line":315,"column":61}},"skip":true}},"statementMap":{"1":{"start":{"line":26,"column":0},"end":{"line":326,"column":5}},"2":{"start":{"line":28,"column":4},"end":{"line":28,"column":14}},"3":{"start":{"line":33,"column":4},"end":{"line":60,"column":9}},"4":{"start":{"line":35,"column":8},"end":{"line":35,"column":19}},"5":{"start":{"line":37,"column":8},"end":{"line":49,"column":13}},"6":{"start":{"line":38,"column":12},"end":{"line":48,"column":13}},"7":{"start":{"line":39,"column":16},"end":{"line":42,"column":30}},"8":{"start":{"line":44,"column":16},"end":{"line":47,"column":27}},"9":{"start":{"line":51,"column":8},"end":{"line":53,"column":21}},"10":{"start":{"line":55,"column":8},"end":{"line":57,"column":45}},"11":{"start":{"line":59,"column":8},"end":{"line":59,"column":35}},"12":{"start":{"line":61,"column":4},"end":{"line":325,"column":5}},"13":{"start":{"line":69,"column":8},"end":{"line":121,"column":10},"skip":true},"14":{"start":{"line":70,"column":12},"end":{"line":88,"column":13},"skip":true},"15":{"start":{"line":76,"column":16},"end":{"line":87,"column":19},"skip":true},"16":{"start":{"line":79,"column":20},"end":{"line":86,"column":21},"skip":true},"17":{"start":{"line":82,"column":24},"end":{"line":82,"column":43},"skip":true},"18":{"start":{"line":83,"column":24},"end":{"line":83,"column":30},"skip":true},"19":{"start":{"line":85,"column":24},"end":{"line":85,"column":49},"skip":true},"20":{"start":{"line":89,"column":12},"end":{"line":107,"column":13},"skip":true},"21":{"start":{"line":92,"column":16},"end":{"line":102,"column":17},"skip":true},"22":{"start":{"line":93,"column":20},"end":{"line":93,"column":86},"skip":true},"23":{"start":{"line":94,"column":20},"end":{"line":95,"column":45},"skip":true},"24":{"start":{"line":96,"column":20},"end":{"line":96,"column":42},"skip":true},"25":{"start":{"line":97,"column":20},"end":{"line":97,"column":48},"skip":true},"26":{"start":{"line":100,"column":20},"end":{"line":100,"column":85},"skip":true},"27":{"start":{"line":101,"column":20},"end":{"line":101,"column":96},"skip":true},"28":{"start":{"line":103,"column":16},"end":{"line":103,"column":22},"skip":true},"29":{"start":{"line":106,"column":16},"end":{"line":106,"column":22},"skip":true},"30":{"start":{"line":108,"column":12},"end":{"line":120,"column":13},"skip":true},"31":{"start":{"line":114,"column":16},"end":{"line":119,"column":17},"skip":true},"32":{"start":{"line":116,"column":20},"end":{"line":116,"column":78},"skip":true},"33":{"start":{"line":118,"column":20},"end":{"line":118,"column":47},"skip":true},"34":{"start":{"line":123,"column":8},"end":{"line":141,"column":11},"skip":true},"35":{"start":{"line":124,"column":12},"end":{"line":124,"column":54},"skip":true},"36":{"start":{"line":125,"column":12},"end":{"line":140,"column":14},"skip":true},"37":{"start":{"line":126,"column":16},"end":{"line":126,"column":28},"skip":true},"38":{"start":{"line":127,"column":16},"end":{"line":127,"column":69},"skip":true},"39":{"start":{"line":128,"column":16},"end":{"line":128,"column":75},"skip":true},"40":{"start":{"line":129,"column":16},"end":{"line":131,"column":17},"skip":true},"41":{"start":{"line":130,"column":20},"end":{"line":130,"column":27},"skip":true},"42":{"start":{"line":133,"column":16},"end":{"line":137,"column":36},"skip":true},"43":{"start":{"line":134,"column":20},"end":{"line":136,"column":55},"skip":true},"44":{"start":{"line":139,"column":16},"end":{"line":139,"column":57},"skip":true},"45":{"start":{"line":143,"column":8},"end":{"line":147,"column":11},"skip":true},"46":{"start":{"line":144,"column":12},"end":{"line":146,"column":15},"skip":true},"47":{"start":{"line":145,"column":16},"end":{"line":145,"column":70},"skip":true},"48":{"start":{"line":149,"column":8},"end":{"line":149,"column":31},"skip":true},"49":{"start":{"line":150,"column":8},"end":{"line":150,"column":14},"skip":true},"50":{"start":{"line":158,"column":8},"end":{"line":158,"column":31},"skip":true},"51":{"start":{"line":160,"column":8},"end":{"line":160,"column":33},"skip":true},"52":{"start":{"line":161,"column":8},"end":{"line":161,"column":37},"skip":true},"53":{"start":{"line":162,"column":8},"end":{"line":162,"column":35},"skip":true},"54":{"start":{"line":164,"column":8},"end":{"line":164,"column":50},"skip":true},"55":{"start":{"line":166,"column":8},"end":{"line":256,"column":2},"skip":true},"56":{"start":{"line":258,"column":8},"end":{"line":286,"column":9},"skip":true},"57":{"start":{"line":259,"column":12},"end":{"line":269,"column":14},"skip":true},"58":{"start":{"line":271,"column":12},"end":{"line":285,"column":19},"skip":true},"59":{"start":{"line":274,"column":20},"end":{"line":274,"column":35},"skip":true},"60":{"start":{"line":275,"column":20},"end":{"line":284,"column":21},"skip":true},"61":{"start":{"line":277,"column":24},"end":{"line":277,"column":64},"skip":true},"62":{"start":{"line":279,"column":24},"end":{"line":279,"column":40},"skip":true},"63":{"start":{"line":281,"column":24},"end":{"line":281,"column":40},"skip":true},"64":{"start":{"line":283,"column":24},"end":{"line":283,"column":39},"skip":true},"65":{"start":{"line":288,"column":8},"end":{"line":290,"column":9},"skip":true},"66":{"start":{"line":289,"column":12},"end":{"line":289,"column":18},"skip":true},"67":{"start":{"line":291,"column":8},"end":{"line":293,"column":54},"skip":true},"68":{"start":{"line":296,"column":8},"end":{"line":301,"column":37},"skip":true},"69":{"start":{"line":303,"column":8},"end":{"line":303,"column":82},"skip":true},"70":{"start":{"line":306,"column":8},"end":{"line":308,"column":9},"skip":true},"71":{"start":{"line":307,"column":12},"end":{"line":307,"column":82},"skip":true},"72":{"start":{"line":310,"column":8},"end":{"line":312,"column":9},"skip":true},"73":{"start":{"line":311,"column":12},"end":{"line":311,"column":18},"skip":true},"74":{"start":{"line":313,"column":8},"end":{"line":313,"column":54},"skip":true},"75":{"start":{"line":314,"column":8},"end":{"line":314,"column":69},"skip":true},"76":{"start":{"line":315,"column":8},"end":{"line":323,"column":36},"skip":true},"77":{"start":{"line":316,"column":12},"end":{"line":316,"column":61},"skip":true},"78":{"start":{"line":317,"column":12},"end":{"line":320,"column":13},"skip":true},"79":{"start":{"line":318,"column":16},"end":{"line":318,"column":75},"skip":true},"80":{"start":{"line":319,"column":16},"end":{"line":319,"column":23},"skip":true},"81":{"start":{"line":321,"column":12},"end":{"line":321,"column":38},"skip":true},"82":{"start":{"line":322,"column":12},"end":{"line":322,"column":27},"skip":true},"83":{"start":{"line":324,"column":8},"end":{"line":324,"column":14},"skip":true}},"branchMap":{"1":{"line":39,"type":"binary-expr","locations":[{"start":{"line":39,"column":23},"end":{"line":39,"column":62}},{"start":{"line":40,"column":20},"end":{"line":40,"column":70}},{"start":{"line":41,"column":20},"end":{"line":41,"column":71}},{"start":{"line":42,"column":20},"end":{"line":42,"column":29}}]},"2":{"line":44,"type":"binary-expr","locations":[{"start":{"line":44,"column":23},"end":{"line":44,"column":37}},{"start":{"line":45,"column":20},"end":{"line":45,"column":61}},{"start":{"line":46,"column":20},"end":{"line":46,"column":70}},{"start":{"line":47,"column":20},"end":{"line":47,"column":26}}]},"3":{"line":51,"type":"cond-expr","locations":[{"start":{"line":52,"column":14},"end":{"line":52,"column":20}},{"start":{"line":53,"column":14},"end":{"line":53,"column":20}}]},"4":{"line":55,"type":"binary-expr","locations":[{"start":{"line":55,"column":16},"end":{"line":55,"column":44}},{"start":{"line":55,"column":49},"end":{"line":57,"column":43}}]},"5":{"line":55,"type":"cond-expr","locations":[{"start":{"line":56,"column":14},"end":{"line":56,"column":49}},{"start":{"line":57,"column":14},"end":{"line":57,"column":43}}]},"6":{"line":61,"type":"switch","locations":[{"start":{"line":68,"column":4},"end":{"line":150,"column":14},"skip":true},{"start":{"line":156,"column":4},"end":{"line":324,"column":14},"skip":true}]},"7":{"line":70,"type":"if","locations":[{"start":{"line":70,"column":12},"end":{"line":70,"column":12},"skip":true},{"start":{"line":70,"column":12},"end":{"line":70,"column":12},"skip":true}]},"8":{"line":70,"type":"binary-expr","locations":[{"start":{"line":70,"column":16},"end":{"line":70,"column":22},"skip":true},{"start":{"line":70,"column":27},"end":{"line":70,"column":32},"skip":true},{"start":{"line":71,"column":20},"end":{"line":71,"column":39},"skip":true},{"start":{"line":72,"column":20},"end":{"line":72,"column":49},"skip":true},{"start":{"line":73,"column":20},"end":{"line":73,"column":58},"skip":true},{"start":{"line":74,"column":20},"end":{"line":74,"column":69},"skip":true}]},"9":{"line":79,"type":"switch","locations":[{"start":{"line":80,"column":20},"end":{"line":80,"column":33},"skip":true},{"start":{"line":81,"column":20},"end":{"line":83,"column":30},"skip":true},{"start":{"line":84,"column":20},"end":{"line":85,"column":49},"skip":true}]},"10":{"line":89,"type":"switch","locations":[{"start":{"line":90,"column":12},"end":{"line":103,"column":22},"skip":true},{"start":{"line":105,"column":12},"end":{"line":106,"column":22},"skip":true}]},"11":{"line":89,"type":"binary-expr","locations":[{"start":{"line":89,"column":20},"end":{"line":89,"column":25},"skip":true},{"start":{"line":89,"column":29},"end":{"line":89,"column":48},"skip":true},{"start":{"line":89,"column":52},"end":{"line":89,"column":74},"skip":true}]},"12":{"line":92,"type":"if","locations":[{"start":{"line":92,"column":16},"end":{"line":92,"column":16},"skip":true},{"start":{"line":92,"column":16},"end":{"line":92,"column":16},"skip":true}]},"13":{"line":108,"type":"if","locations":[{"start":{"line":108,"column":12},"end":{"line":108,"column":12},"skip":true},{"start":{"line":108,"column":12},"end":{"line":108,"column":12},"skip":true}]},"14":{"line":108,"type":"binary-expr","locations":[{"start":{"line":108,"column":16},"end":{"line":108,"column":61},"skip":true},{"start":{"line":108,"column":66},"end":{"line":108,"column":72},"skip":true},{"start":{"line":108,"column":77},"end":{"line":108,"column":82},"skip":true},{"start":{"line":109,"column":20},"end":{"line":109,"column":39},"skip":true},{"start":{"line":110,"column":20},"end":{"line":110,"column":49},"skip":true},{"start":{"line":111,"column":20},"end":{"line":111,"column":58},"skip":true},{"start":{"line":112,"column":20},"end":{"line":112,"column":68},"skip":true}]},"15":{"line":129,"type":"if","locations":[{"start":{"line":129,"column":16},"end":{"line":129,"column":16},"skip":true},{"start":{"line":129,"column":16},"end":{"line":129,"column":16},"skip":true}]},"16":{"line":134,"type":"cond-expr","locations":[{"start":{"line":135,"column":26},"end":{"line":135,"column":29},"skip":true},{"start":{"line":136,"column":26},"end":{"line":136,"column":54},"skip":true}]},"17":{"line":164,"type":"binary-expr","locations":[{"start":{"line":164,"column":27},"end":{"line":164,"column":43},"skip":true},{"start":{"line":164,"column":47},"end":{"line":164,"column":49},"skip":true}]},"18":{"line":258,"type":"if","locations":[{"start":{"line":258,"column":8},"end":{"line":258,"column":8},"skip":true},{"start":{"line":258,"column":8},"end":{"line":258,"column":8},"skip":true}]},"19":{"line":275,"type":"switch","locations":[{"start":{"line":276,"column":20},"end":{"line":277,"column":64},"skip":true},{"start":{"line":278,"column":20},"end":{"line":279,"column":40},"skip":true},{"start":{"line":280,"column":20},"end":{"line":281,"column":40},"skip":true},{"start":{"line":282,"column":20},"end":{"line":283,"column":39},"skip":true}]},"20":{"line":288,"type":"if","locations":[{"start":{"line":288,"column":8},"end":{"line":288,"column":8},"skip":true},{"start":{"line":288,"column":8},"end":{"line":288,"column":8},"skip":true}]},"21":{"line":288,"type":"binary-expr","locations":[{"start":{"line":288,"column":12},"end":{"line":288,"column":40},"skip":true},{"start":{"line":288,"column":44},"end":{"line":288,"column":67},"skip":true}]},"22":{"line":292,"type":"binary-expr","locations":[{"start":{"line":292,"column":12},"end":{"line":292,"column":50},"skip":true},{"start":{"line":293,"column":12},"end":{"line":293,"column":53},"skip":true}]},"23":{"line":297,"type":"binary-expr","locations":[{"start":{"line":297,"column":12},"end":{"line":297,"column":63},"skip":true},{"start":{"line":298,"column":12},"end":{"line":301,"column":36},"skip":true}]},"24":{"line":303,"type":"binary-expr","locations":[{"start":{"line":303,"column":43},"end":{"line":303,"column":75},"skip":true},{"start":{"line":303,"column":79},"end":{"line":303,"column":81},"skip":true}]},"25":{"line":306,"type":"if","locations":[{"start":{"line":306,"column":8},"end":{"line":306,"column":8},"skip":true},{"start":{"line":306,"column":8},"end":{"line":306,"column":8},"skip":true}]},"26":{"line":310,"type":"if","locations":[{"start":{"line":310,"column":8},"end":{"line":310,"column":8},"skip":true},{"start":{"line":310,"column":8},"end":{"line":310,"column":8},"skip":true}]},"27":{"line":313,"type":"binary-expr","locations":[{"start":{"line":313,"column":27},"end":{"line":313,"column":43},"skip":true},{"start":{"line":313,"column":47},"end":{"line":313,"column":53},"skip":true}]},"28":{"line":317,"type":"if","locations":[{"start":{"line":317,"column":12},"end":{"line":317,"column":12},"skip":true},{"start":{"line":317,"column":12},"end":{"line":317,"column":12},"skip":true}]}},"code":["/*","example.js","","quickstart example","","instruction","    1. save this script as example.js","    2. run the shell command:","        $ npm install npmtest-rsync && PORT=8081 node example.js","    3. play with the browser-demo on http://127.0.0.1:8081","*/","","","","/* istanbul instrument in package npmtest_rsync */","/*jslint","    bitwise: true,","    browser: true,","    maxerr: 8,","    maxlen: 96,","    node: true,","    nomen: true,","    regexp: true,","    stupid: true","*/","(function () {","    'use strict';","    var local;","","","","    // run shared js-env code - pre-init","    (function () {","        // init local","        local = {};","        // init modeJs","        local.modeJs = (function () {","            try {","                return typeof navigator.userAgent === 'string' &&","                    typeof document.querySelector('body') === 'object' &&","                    typeof XMLHttpRequest.prototype.open === 'function' &&","                    'browser';","            } catch (errorCaughtBrowser) {","                return module.exports &&","                    typeof process.versions.node === 'string' &&","                    typeof require('http').createServer === 'function' &&","                    'node';","            }","        }());","        // init global","        local.global = local.modeJs === 'browser'","            ? window","            : global;","        // init utility2_rollup","        local = local.global.utility2_rollup || (local.modeJs === 'browser'","            ? local.global.utility2_npmtest_rsync","            : global.utility2_moduleExports);","        // export local","        local.global.local = local;","    }());","    switch (local.modeJs) {","","","","    // post-init","    // run browser js-env code - post-init","    /* istanbul ignore next */","    case 'browser':","        local.testRunBrowser = function (event) {","            if (!event || (event &&","                    event.currentTarget &&","                    event.currentTarget.className &&","                    event.currentTarget.className.includes &&","                    event.currentTarget.className.includes('onreset'))) {","                // reset output","                Array.from(","                    document.querySelectorAll('body > .resettable')","                ).forEach(function (element) {","                    switch (element.tagName) {","                    case 'INPUT':","                    case 'TEXTAREA':","                        element.value = '';","                        break;","                    default:","                        element.textContent = '';","                    }","                });","            }","            switch (event && event.currentTarget && event.currentTarget.id) {","            case 'testRunButton1':","                // show tests","                if (document.querySelector('#testReportDiv1').style.display === 'none') {","                    document.querySelector('#testReportDiv1').style.display = 'block';","                    document.querySelector('#testRunButton1').textContent =","                        'hide internal test';","                    local.modeTest = true;","                    local.testRunDefault(local);","                // hide tests","                } else {","                    document.querySelector('#testReportDiv1').style.display = 'none';","                    document.querySelector('#testRunButton1').textContent = 'run internal test';","                }","                break;","            // custom-case","            default:","                break;","            }","            if (document.querySelector('#inputTextareaEval1') && (!event || (event &&","                    event.currentTarget &&","                    event.currentTarget.className &&","                    event.currentTarget.className.includes &&","                    event.currentTarget.className.includes('oneval')))) {","                // try to eval input-code","                try {","                    /*jslint evil: true*/","                    eval(document.querySelector('#inputTextareaEval1').value);","                } catch (errorCaught) {","                    console.error(errorCaught);","                }","            }","        };","        // log stderr and stdout to #outputTextareaStdout1","        ['error', 'log'].forEach(function (key) {","            console[key + '_original'] = console[key];","            console[key] = function () {","                var element;","                console[key + '_original'].apply(console, arguments);","                element = document.querySelector('#outputTextareaStdout1');","                if (!element) {","                    return;","                }","                // append text to #outputTextareaStdout1","                element.value += Array.from(arguments).map(function (arg) {","                    return typeof arg === 'string'","                        ? arg","                        : JSON.stringify(arg, null, 4);","                }).join(' ') + '\\n';","                // scroll textarea to bottom","                element.scrollTop = element.scrollHeight;","            };","        });","        // init event-handling","        ['change', 'click', 'keyup'].forEach(function (event) {","            Array.from(document.querySelectorAll('.on' + event)).forEach(function (element) {","                element.addEventListener(event, local.testRunBrowser);","            });","        });","        // run tests","        local.testRunBrowser();","        break;","","","","    // run node js-env code - post-init","    /* istanbul ignore next */","    case 'node':","        // export local","        module.exports = local;","        // require modules","        local.fs = require('fs');","        local.http = require('http');","        local.url = require('url');","        // init assets","        local.assetsDict = local.assetsDict || {};","        /* jslint-ignore-begin */","        local.assetsDict['/assets.index.template.html'] = '\\","<!doctype html>\\n\\","<html lang=\"en\">\\n\\","<head>\\n\\","<meta charset=\"UTF-8\">\\n\\","<meta name=\"viewport\" content=\"width=device-width, initial-scale=1\">\\n\\","<title>{{env.npm_package_name}} (v{{env.npm_package_version}})</title>\\n\\","<style>\\n\\","/*csslint\\n\\","    box-sizing: false,\\n\\","    universal-selector: false\\n\\","*/\\n\\","* {\\n\\","    box-sizing: border-box;\\n\\","}\\n\\","body {\\n\\","    background: #dde;\\n\\","    font-family: Arial, Helvetica, sans-serif;\\n\\","    margin: 2rem;\\n\\","}\\n\\","body > * {\\n\\","    margin-bottom: 1rem;\\n\\","}\\n\\",".utility2FooterDiv {\\n\\","    margin-top: 20px;\\n\\","    text-align: center;\\n\\","}\\n\\","</style>\\n\\","<style>\\n\\","/*csslint\\n\\","*/\\n\\","textarea {\\n\\","    font-family: monospace;\\n\\","    height: 10rem;\\n\\","    width: 100%;\\n\\","}\\n\\","textarea[readonly] {\\n\\","    background: #ddd;\\n\\","}\\n\\","</style>\\n\\","</head>\\n\\","<body>\\n\\","<!-- utility2-comment\\n\\","<div id=\"ajaxProgressDiv1\" style=\"background: #d00; height: 2px; left: 0; margin: 0; padding: 0; position: fixed; top: 0; transition: background 0.5s, width 1.5s; width: 25%;\"></div>\\n\\","utility2-comment -->\\n\\","<h1>\\n\\","<!-- utility2-comment\\n\\","    <a\\n\\","        {{#if env.npm_package_homepage}}\\n\\","        href=\"{{env.npm_package_homepage}}\"\\n\\","        {{/if env.npm_package_homepage}}\\n\\","        target=\"_blank\"\\n\\","    >\\n\\","utility2-comment -->\\n\\","        {{env.npm_package_name}} (v{{env.npm_package_version}})\\n\\","<!-- utility2-comment\\n\\","    </a>\\n\\","utility2-comment -->\\n\\","</h1>\\n\\","<h3>{{env.npm_package_description}}</h3>\\n\\","<!-- utility2-comment\\n\\","<h4><a download href=\"assets.app.js\">download standalone app</a></h4>\\n\\","<button class=\"onclick onreset\" id=\"testRunButton1\">run internal test</button><br>\\n\\","<div id=\"testReportDiv1\" style=\"display: none;\"></div>\\n\\","utility2-comment -->\\n\\","\\n\\","\\n\\","\\n\\","<label>stderr and stdout</label>\\n\\","<textarea class=\"resettable\" id=\"outputTextareaStdout1\" readonly></textarea>\\n\\","<!-- utility2-comment\\n\\","{{#if isRollup}}\\n\\","<script src=\"assets.app.js\"></script>\\n\\","{{#unless isRollup}}\\n\\","utility2-comment -->\\n\\","<script src=\"assets.utility2.rollup.js\"></script>\\n\\","<script src=\"jsonp.utility2._stateInit?callback=window.utility2._stateInit\"></script>\\n\\","<script src=\"assets.npmtest_rsync.rollup.js\"></script>\\n\\","<script src=\"assets.example.js\"></script>\\n\\","<script src=\"assets.test.js\"></script>\\n\\","<!-- utility2-comment\\n\\","{{/if isRollup}}\\n\\","utility2-comment -->\\n\\","<div class=\"utility2FooterDiv\">\\n\\","    [ this app was created with\\n\\","    <a href=\"https://github.com/kaizhu256/node-utility2\" target=\"_blank\">utility2</a>\\n\\","    ]\\n\\","</div>\\n\\","</body>\\n\\","</html>\\n\\","';","        /* jslint-ignore-end */","        if (local.templateRender) {","            local.assetsDict['/'] = local.templateRender(","                local.assetsDict['/assets.index.template.html'],","                {","                    env: local.objectSetDefault(local.env, {","                        npm_package_description: 'the greatest app in the world!',","                        npm_package_name: 'my-app',","                        npm_package_nameAlias: 'my_app',","                        npm_package_version: '0.0.1'","                    })","                }","            );","        } else {","            local.assetsDict['/'] = local.assetsDict['/assets.index.template.html']","                .replace((/\\{\\{env\\.(\\w+?)\\}\\}/g), function (match0, match1) {","                    // jslint-hack","                    String(match0);","                    switch (match1) {","                    case 'npm_package_description':","                        return 'the greatest app in the world!';","                    case 'npm_package_name':","                        return 'my-app';","                    case 'npm_package_nameAlias':","                        return 'my_app';","                    case 'npm_package_version':","                        return '0.0.1';","                    }","                });","        }","        // run the cli","        if (local.global.utility2_rollup || module !== require.main) {","            break;","        }","        local.assetsDict['/assets.example.js'] =","            local.assetsDict['/assets.example.js'] ||","            local.fs.readFileSync(__filename, 'utf8');","        // bug-workaround - long $npm_package_buildCustomOrg","        /* jslint-ignore-begin */","        local.assetsDict['/assets.npmtest_rsync.rollup.js'] =","            local.assetsDict['/assets.npmtest_rsync.rollup.js'] ||","            local.fs.readFileSync(","                local.npmtest_rsync.__dirname + '/lib.npmtest_rsync.js',","                'utf8'","            ).replace((/^#!/), '//');","        /* jslint-ignore-end */","        local.assetsDict['/favicon.ico'] = local.assetsDict['/favicon.ico'] || '';","        // if $npm_config_timeout_exit exists,","        // then exit this process after $npm_config_timeout_exit ms","        if (Number(process.env.npm_config_timeout_exit)) {","            setTimeout(process.exit, Number(process.env.npm_config_timeout_exit));","        }","        // start server","        if (local.global.utility2_serverHttp1) {","            break;","        }","        process.env.PORT = process.env.PORT || '8081';","        console.error('server starting on port ' + process.env.PORT);","        local.http.createServer(function (request, response) {","            request.urlParsed = local.url.parse(request.url);","            if (local.assetsDict[request.urlParsed.pathname] !== undefined) {","                response.end(local.assetsDict[request.urlParsed.pathname]);","                return;","            }","            response.statusCode = 404;","            response.end();","        }).listen(process.env.PORT);","        break;","    }","}());",""],"l":{"26":2,"28":2,"33":2,"35":2,"37":2,"38":2,"39":2,"44":1,"51":2,"55":2,"59":2,"61":2,"69":1,"70":2,"76":2,"79":2,"82":2,"83":2,"85":1,"89":2,"92":1,"93":1,"94":1,"96":1,"97":1,"100":1,"101":1,"103":1,"106":1,"108":2,"114":1,"116":1,"118":1,"123":1,"124":2,"125":2,"126":3,"127":3,"128":3,"129":3,"130":1,"133":3,"134":3,"139":3,"143":1,"144":3,"145":1,"149":1,"150":1,"158":1,"160":1,"161":1,"162":1,"164":1,"166":1,"258":1,"259":1,"271":1,"274":6,"275":6,"277":1,"279":2,"281":1,"283":2,"288":1,"289":1,"291":1,"296":1,"303":1,"306":1,"307":1,"310":1,"311":1,"313":1,"314":1,"315":1,"316":1,"317":1,"318":1,"319":1,"321":1,"322":1,"324":1}},"/home/travis/build/npmtest/node-npmtest-rsync/node_modules/rsync/rsync.js":{"path":"/home/travis/build/npmtest/node-npmtest-rsync/node_modules/rsync/rsync.js","s":{"1":1,"2":1,"3":1,"4":0,"5":0,"6":0,"7":0,"8":0,"9":0,"10":0,"11":0,"12":0,"13":0,"14":0,"15":0,"16":0,"17":0,"18":0,"19":1,"20":0,"21":0,"22":0,"23":0,"24":0,"25":0,"26":0,"27":1,"28":0,"29":0,"30":0,"31":0,"32":1,"33":0,"34":0,"35":0,"36":0,"37":1,"38":0,"39":0,"40":0,"41":0,"42":0,"43":0,"44":0,"45":0,"46":0,"47":0,"48":0,"49":0,"50":0,"51":0,"52":0,"53":0,"54":0,"55":0,"56":0,"57":0,"58":0,"59":1,"60":0,"61":0,"62":1,"63":0,"64":0,"65":1,"66":0,"67":0,"68":0,"69":0,"70":0,"71":0,"72":0,"73":0,"74":0,"75":0,"76":0,"77":0,"78":0,"79":0,"80":0,"81":0,"82":0,"83":0,"84":1,"85":0,"86":0,"87":0,"88":0,"89":0,"90":0,"91":0,"92":1,"93":0,"94":0,"95":0,"96":0,"97":0,"98":0,"99":0,"100":1,"101":0,"102":1,"103":1,"104":0,"105":0,"106":0,"107":0,"108":0,"109":0,"110":0,"111":0,"112":0,"113":0,"114":0,"115":0,"116":0,"117":0,"118":0,"119":0,"120":0,"121":0,"122":0,"123":0,"124":0,"125":0,"126":0,"127":0,"128":0,"129":0,"130":0,"131":0,"132":1,"133":0,"134":0,"135":0,"136":0,"137":0,"138":1,"139":0,"140":0,"141":0,"142":0,"143":0,"144":1,"145":0,"146":0,"147":0,"148":0,"149":0,"150":0,"151":0,"152":0,"153":1,"154":0,"155":0,"156":0,"157":0,"158":0,"159":0,"160":0,"161":0,"162":0,"163":0,"164":0,"165":0,"166":0,"167":0,"168":0,"169":0,"170":1,"171":1,"172":1,"173":1,"174":1,"175":1,"176":1,"177":1,"178":1,"179":1,"180":1,"181":1,"182":1,"183":1,"184":1,"185":1,"186":1,"187":1,"188":1,"189":1,"190":1,"191":1,"192":1,"193":1,"194":1,"195":1,"196":1,"197":1,"198":1,"199":4,"200":4,"201":0,"202":0,"203":0,"204":0,"205":1,"206":1,"207":1,"208":0,"209":0,"210":0,"211":0,"212":0,"213":0,"214":0,"215":0,"216":0,"217":1,"218":20,"219":20,"220":0,"221":0,"222":0,"223":0,"224":1,"225":1,"226":1,"227":0,"228":0,"229":0,"230":0,"231":0,"232":0,"233":0,"234":0,"235":0,"236":0,"237":0,"238":0,"239":0,"240":0,"241":1,"242":1,"243":1,"244":0,"245":0,"246":0,"247":0,"248":1,"249":0,"250":0,"251":0,"252":0,"253":0,"254":0,"255":0,"256":0,"257":0,"258":0,"259":0,"260":0,"261":1,"262":0,"263":0,"264":0,"265":1,"266":0,"267":0,"268":0,"269":0,"270":0,"271":0,"272":1,"273":0,"274":0,"275":0,"276":1,"277":0,"278":0,"279":0,"280":1,"281":0,"282":1,"283":1,"284":0,"285":0},"b":{"1":[0,0],"2":[0,0],"3":[0,0],"4":[0,0],"5":[0,0],"6":[0,0],"7":[0,0],"8":[0,0],"9":[0,0],"10":[0,0],"11":[0,0],"12":[0,0],"13":[0,0],"14":[0,0],"15":[0,0],"16":[0,0],"17":[0,0],"18":[0,0],"19":[0,0],"20":[0,0],"21":[0,0],"22":[0,0],"23":[0,0],"24":[0,0],"25":[0,0,0],"26":[0,0],"27":[0,0],"28":[0,0],"29":[0,0],"30":[0,0],"31":[0,0],"32":[0,0],"33":[0,0],"34":[0,0],"35":[0,0],"36":[0,0],"37":[0,0],"38":[0,0],"39":[0,0],"40":[0,0],"41":[0,0],"42":[0,0],"43":[0,0],"44":[0,0],"45":[0,0],"46":[0,0],"47":[0,0],"48":[0,0],"49":[0,0],"50":[0,0],"51":[0,0],"52":[0,0],"53":[0,0],"54":[0,0],"55":[0,0],"56":[4,4],"57":[0,0],"58":[1,0],"59":[0,0],"60":[0,0],"61":[0,0],"62":[0,0],"63":[20,4],"64":[0,0],"65":[0,0],"66":[1,0],"67":[0,0],"68":[0,0],"69":[0,0],"70":[0,0],"71":[0,0],"72":[1,0],"73":[0,0],"74":[0,0],"75":[0,0],"76":[0,0],"77":[0,0],"78":[0,0],"79":[0,0],"80":[0,0],"81":[0,0],"82":[0,0],"83":[0,0],"84":[0,0],"85":[0,0],"86":[0,0],"87":[0,0],"88":[0,0]},"f":{"1":0,"2":0,"3":0,"4":0,"5":0,"6":0,"7":0,"8":0,"9":0,"10":0,"11":0,"12":0,"13":0,"14":0,"15":0,"16":0,"17":0,"18":0,"19":0,"20":0,"21":0,"22":0,"23":0,"24":4,"25":0,"26":1,"27":0,"28":20,"29":0,"30":1,"31":0,"32":1,"33":0,"34":0,"35":0,"36":0,"37":0,"38":0,"39":0,"40":0,"41":0},"fnMap":{"1":{"name":"Rsync","line":43,"loc":{"start":{"line":43,"column":0},"end":{"line":43,"column":23}}},"2":{"name":"(anonymous_2)","line":90,"loc":{"start":{"line":90,"column":14},"end":{"line":90,"column":32}}},"3":{"name":"(anonymous_3)","line":114,"loc":{"start":{"line":114,"column":22},"end":{"line":114,"column":46}}},"4":{"name":"(anonymous_4)","line":127,"loc":{"start":{"line":127,"column":24},"end":{"line":127,"column":41}}},"5":{"name":"(anonymous_5)","line":151,"loc":{"start":{"line":151,"column":24},"end":{"line":151,"column":45}}},"6":{"name":"(anonymous_6)","line":183,"loc":{"start":{"line":183,"column":22},"end":{"line":183,"column":34}}},"7":{"name":"(anonymous_7)","line":205,"loc":{"start":{"line":205,"column":24},"end":{"line":205,"column":41}}},"8":{"name":"(anonymous_8)","line":215,"loc":{"start":{"line":215,"column":25},"end":{"line":215,"column":40}}},"9":{"name":"(anonymous_9)","line":246,"loc":{"start":{"line":246,"column":27},"end":{"line":246,"column":46}}},"10":{"name":"(anonymous_10)","line":254,"loc":{"start":{"line":254,"column":21},"end":{"line":254,"column":39}}},"11":{"name":"(anonymous_11)","line":291,"loc":{"start":{"line":291,"column":26},"end":{"line":291,"column":45}}},"12":{"name":"(anonymous_12)","line":299,"loc":{"start":{"line":299,"column":21},"end":{"line":299,"column":39}}},"13":{"name":"(anonymous_13)","line":313,"loc":{"start":{"line":313,"column":26},"end":{"line":313,"column":45}}},"14":{"name":"(anonymous_14)","line":321,"loc":{"start":{"line":321,"column":21},"end":{"line":321,"column":39}}},"15":{"name":"(anonymous_15)","line":332,"loc":{"start":{"line":332,"column":26},"end":{"line":332,"column":37}}},"16":{"name":"(anonymous_16)","line":347,"loc":{"start":{"line":347,"column":23},"end":{"line":347,"column":34}}},"17":{"name":"(anonymous_17)","line":368,"loc":{"start":{"line":368,"column":34},"end":{"line":368,"column":49}}},"18":{"name":"(anonymous_18)","line":391,"loc":{"start":{"line":391,"column":27},"end":{"line":391,"column":41}}},"19":{"name":"(anonymous_19)","line":422,"loc":{"start":{"line":422,"column":22},"end":{"line":422,"column":36}}},"20":{"name":"(anonymous_20)","line":440,"loc":{"start":{"line":440,"column":22},"end":{"line":440,"column":36}}},"21":{"name":"(anonymous_21)","line":464,"loc":{"start":{"line":464,"column":25},"end":{"line":464,"column":50}}},"22":{"name":"(anonymous_22)","line":494,"loc":{"start":{"line":494,"column":26},"end":{"line":494,"column":75}}},"23":{"name":"(anonymous_23)","line":519,"loc":{"start":{"line":519,"column":24},"end":{"line":519,"column":39}}},"24":{"name":"createValueAccessor","line":855,"loc":{"start":{"line":855,"column":0},"end":{"line":855,"column":45}}},"25":{"name":"(anonymous_25)","line":858,"loc":{"start":{"line":858,"column":28},"end":{"line":858,"column":44}}},"26":{"name":"createListAccessor","line":869,"loc":{"start":{"line":869,"column":0},"end":{"line":869,"column":44}}},"27":{"name":"(anonymous_27)","line":872,"loc":{"start":{"line":872,"column":28},"end":{"line":872,"column":44}}},"28":{"name":"exposeShortOption","line":894,"loc":{"start":{"line":894,"column":0},"end":{"line":894,"column":41}}},"29":{"name":"(anonymous_29)","line":897,"loc":{"start":{"line":897,"column":28},"end":{"line":897,"column":42}}},"30":{"name":"exposeMultiOption","line":914,"loc":{"start":{"line":914,"column":0},"end":{"line":914,"column":41}}},"31":{"name":"(anonymous_31)","line":917,"loc":{"start":{"line":917,"column":28},"end":{"line":917,"column":44}}},"32":{"name":"exposeLongOption","line":955,"loc":{"start":{"line":955,"column":0},"end":{"line":955,"column":40}}},"33":{"name":"(anonymous_33)","line":958,"loc":{"start":{"line":958,"column":28},"end":{"line":958,"column":44}}},"34":{"name":"buildOption","line":976,"loc":{"start":{"line":976,"column":0},"end":{"line":976,"column":45}}},"35":{"name":"escapeShellArg","line":1007,"loc":{"start":{"line":1007,"column":0},"end":{"line":1007,"column":29}}},"36":{"name":"escapeFileArg","line":1019,"loc":{"start":{"line":1019,"column":0},"end":{"line":1019,"column":33}}},"37":{"name":"stripLeadingDashes","line":1038,"loc":{"start":{"line":1038,"column":0},"end":{"line":1038,"column":35}}},"38":{"name":"isArray","line":1053,"loc":{"start":{"line":1053,"column":0},"end":{"line":1053,"column":24}}},"39":{"name":"hasOP","line":1070,"loc":{"start":{"line":1070,"column":0},"end":{"line":1070,"column":25}}},"40":{"name":"noop","line":1074,"loc":{"start":{"line":1074,"column":0},"end":{"line":1074,"column":16}}},"41":{"name":"debug","line":1083,"loc":{"start":{"line":1083,"column":0},"end":{"line":1083,"column":29}}}},"statementMap":{"1":{"start":{"line":1,"column":0},"end":{"line":1,"column":43}},"2":{"start":{"line":2,"column":0},"end":{"line":2,"column":27}},"3":{"start":{"line":43,"column":0},"end":{"line":83,"column":1}},"4":{"start":{"line":44,"column":4},"end":{"line":46,"column":5}},"5":{"start":{"line":45,"column":8},"end":{"line":45,"column":33}},"6":{"start":{"line":49,"column":4},"end":{"line":49,"column":26}},"7":{"start":{"line":50,"column":4},"end":{"line":52,"column":5}},"8":{"start":{"line":51,"column":8},"end":{"line":51,"column":58}},"9":{"start":{"line":55,"column":4},"end":{"line":55,"column":81}},"10":{"start":{"line":58,"column":4},"end":{"line":58,"column":98}},"11":{"start":{"line":61,"column":4},"end":{"line":61,"column":27}},"12":{"start":{"line":62,"column":4},"end":{"line":62,"column":27}},"13":{"start":{"line":65,"column":4},"end":{"line":65,"column":24}},"14":{"start":{"line":68,"column":4},"end":{"line":68,"column":23}},"15":{"start":{"line":71,"column":4},"end":{"line":74,"column":6}},"16":{"start":{"line":76,"column":4},"end":{"line":76,"column":30}},"17":{"start":{"line":79,"column":4},"end":{"line":79,"column":28}},"18":{"start":{"line":82,"column":4},"end":{"line":82,"column":64}},"19":{"start":{"line":90,"column":0},"end":{"line":106,"column":2}},"20":{"start":{"line":91,"column":4},"end":{"line":91,"column":30}},"21":{"start":{"line":94,"column":4},"end":{"line":103,"column":5}},"22":{"start":{"line":95,"column":8},"end":{"line":102,"column":9}},"23":{"start":{"line":96,"column":12},"end":{"line":96,"column":37}},"24":{"start":{"line":99,"column":12},"end":{"line":101,"column":13}},"25":{"start":{"line":100,"column":16},"end":{"line":100,"column":36}},"26":{"start":{"line":105,"column":4},"end":{"line":105,"column":19}},"27":{"start":{"line":114,"column":0},"end":{"line":120,"column":2}},"28":{"start":{"line":115,"column":4},"end":{"line":115,"column":40}},"29":{"start":{"line":116,"column":4},"end":{"line":118,"column":5}},"30":{"start":{"line":117,"column":8},"end":{"line":117,"column":46}},"31":{"start":{"line":119,"column":4},"end":{"line":119,"column":16}},"32":{"start":{"line":127,"column":0},"end":{"line":134,"column":2}},"33":{"start":{"line":128,"column":4},"end":{"line":128,"column":40}},"34":{"start":{"line":130,"column":4},"end":{"line":132,"column":5}},"35":{"start":{"line":131,"column":8},"end":{"line":131,"column":37}},"36":{"start":{"line":133,"column":4},"end":{"line":133,"column":16}},"37":{"start":{"line":151,"column":0},"end":{"line":198,"column":2}},"38":{"start":{"line":153,"column":4},"end":{"line":173,"column":5}},"39":{"start":{"line":154,"column":8},"end":{"line":154,"column":20}},"40":{"start":{"line":156,"column":9},"end":{"line":173,"column":5}},"41":{"start":{"line":157,"column":8},"end":{"line":157,"column":19}},"42":{"start":{"line":161,"column":8},"end":{"line":161,"column":54}},"43":{"start":{"line":164,"column":8},"end":{"line":169,"column":9}},"44":{"start":{"line":165,"column":12},"end":{"line":165,"column":30}},"45":{"start":{"line":168,"column":12},"end":{"line":168,"column":23}},"46":{"start":{"line":172,"column":8},"end":{"line":172,"column":31}},"47":{"start":{"line":176,"column":4},"end":{"line":178,"column":5}},"48":{"start":{"line":177,"column":8},"end":{"line":177,"column":52}},"49":{"start":{"line":181,"column":4},"end":{"line":187,"column":5}},"50":{"start":{"line":182,"column":8},"end":{"line":182,"column":21}},"51":{"start":{"line":183,"column":8},"end":{"line":185,"column":11}},"52":{"start":{"line":184,"column":12},"end":{"line":184,"column":25}},"53":{"start":{"line":186,"column":8},"end":{"line":186,"column":20}},"54":{"start":{"line":190,"column":4},"end":{"line":195,"column":5}},"55":{"start":{"line":191,"column":8},"end":{"line":194,"column":9}},"56":{"start":{"line":192,"column":12},"end":{"line":192,"column":56}},"57":{"start":{"line":193,"column":12},"end":{"line":193,"column":50}},"58":{"start":{"line":197,"column":4},"end":{"line":197,"column":16}},"59":{"start":{"line":205,"column":0},"end":{"line":208,"column":2}},"60":{"start":{"line":206,"column":4},"end":{"line":206,"column":40}},"61":{"start":{"line":207,"column":4},"end":{"line":207,"column":59}},"62":{"start":{"line":215,"column":0},"end":{"line":218,"column":2}},"63":{"start":{"line":216,"column":4},"end":{"line":216,"column":36}},"64":{"start":{"line":217,"column":4},"end":{"line":217,"column":31}},"65":{"start":{"line":246,"column":0},"end":{"line":282,"column":2}},"66":{"start":{"line":247,"column":4},"end":{"line":249,"column":5}},"67":{"start":{"line":248,"column":8},"end":{"line":248,"column":60}},"68":{"start":{"line":250,"column":4},"end":{"line":252,"column":5}},"69":{"start":{"line":251,"column":8},"end":{"line":251,"column":32}},"70":{"start":{"line":254,"column":4},"end":{"line":279,"column":13}},"71":{"start":{"line":255,"column":8},"end":{"line":255,"column":25}},"72":{"start":{"line":256,"column":8},"end":{"line":267,"column":9}},"73":{"start":{"line":257,"column":12},"end":{"line":257,"column":40}},"74":{"start":{"line":258,"column":12},"end":{"line":258,"column":43}},"75":{"start":{"line":260,"column":13},"end":{"line":267,"column":9}},"76":{"start":{"line":265,"column":12},"end":{"line":265,"column":37}},"77":{"start":{"line":266,"column":12},"end":{"line":266,"column":38}},"78":{"start":{"line":270,"column":8},"end":{"line":278,"column":9}},"79":{"start":{"line":271,"column":12},"end":{"line":271,"column":34}},"80":{"start":{"line":273,"column":13},"end":{"line":278,"column":9}},"81":{"start":{"line":274,"column":12},"end":{"line":274,"column":34}},"82":{"start":{"line":277,"column":12},"end":{"line":277,"column":59}},"83":{"start":{"line":281,"column":4},"end":{"line":281,"column":16}},"84":{"start":{"line":291,"column":0},"end":{"line":304,"column":2}},"85":{"start":{"line":292,"column":4},"end":{"line":294,"column":5}},"86":{"start":{"line":293,"column":8},"end":{"line":293,"column":60}},"87":{"start":{"line":295,"column":4},"end":{"line":297,"column":5}},"88":{"start":{"line":296,"column":8},"end":{"line":296,"column":32}},"89":{"start":{"line":299,"column":4},"end":{"line":301,"column":13}},"90":{"start":{"line":300,"column":8},"end":{"line":300,"column":64}},"91":{"start":{"line":303,"column":4},"end":{"line":303,"column":16}},"92":{"start":{"line":313,"column":0},"end":{"line":326,"column":2}},"93":{"start":{"line":314,"column":4},"end":{"line":316,"column":5}},"94":{"start":{"line":315,"column":8},"end":{"line":315,"column":60}},"95":{"start":{"line":317,"column":4},"end":{"line":319,"column":5}},"96":{"start":{"line":318,"column":8},"end":{"line":318,"column":32}},"97":{"start":{"line":321,"column":4},"end":{"line":323,"column":13}},"98":{"start":{"line":322,"column":8},"end":{"line":322,"column":64}},"99":{"start":{"line":325,"column":4},"end":{"line":325,"column":16}},"100":{"start":{"line":332,"column":0},"end":{"line":334,"column":2}},"101":{"start":{"line":333,"column":4},"end":{"line":333,"column":59}},"102":{"start":{"line":341,"column":0},"end":{"line":341,"column":51}},"103":{"start":{"line":347,"column":0},"end":{"line":414,"column":2}},"104":{"start":{"line":349,"column":4},"end":{"line":349,"column":18}},"105":{"start":{"line":353,"column":4},"end":{"line":353,"column":19}},"106":{"start":{"line":354,"column":4},"end":{"line":354,"column":19}},"107":{"start":{"line":357,"column":4},"end":{"line":378,"column":5}},"108":{"start":{"line":358,"column":8},"end":{"line":377,"column":9}},"109":{"start":{"line":359,"column":12},"end":{"line":359,"column":43}},"110":{"start":{"line":360,"column":12},"end":{"line":360,"column":64}},"111":{"start":{"line":363,"column":12},"end":{"line":375,"column":13}},"112":{"start":{"line":364,"column":16},"end":{"line":364,"column":32}},"113":{"start":{"line":367,"column":16},"end":{"line":374,"column":17}},"114":{"start":{"line":368,"column":20},"end":{"line":370,"column":23}},"115":{"start":{"line":369,"column":24},"end":{"line":369,"column":73}},"116":{"start":{"line":373,"column":20},"end":{"line":373,"column":71}},"117":{"start":{"line":381,"column":4},"end":{"line":383,"column":5}},"118":{"start":{"line":382,"column":8},"end":{"line":382,"column":40}},"119":{"start":{"line":386,"column":4},"end":{"line":388,"column":5}},"120":{"start":{"line":387,"column":8},"end":{"line":387,"column":33}},"121":{"start":{"line":391,"column":4},"end":{"line":401,"column":7}},"122":{"start":{"line":392,"column":8},"end":{"line":400,"column":9}},"123":{"start":{"line":393,"column":12},"end":{"line":393,"column":74}},"124":{"start":{"line":395,"column":13},"end":{"line":400,"column":9}},"125":{"start":{"line":396,"column":12},"end":{"line":396,"column":74}},"126":{"start":{"line":399,"column":12},"end":{"line":399,"column":64}},"127":{"start":{"line":404,"column":4},"end":{"line":406,"column":5}},"128":{"start":{"line":405,"column":8},"end":{"line":405,"column":61}},"129":{"start":{"line":409,"column":4},"end":{"line":411,"column":5}},"130":{"start":{"line":410,"column":8},"end":{"line":410,"column":53}},"131":{"start":{"line":413,"column":4},"end":{"line":413,"column":16}},"132":{"start":{"line":422,"column":0},"end":{"line":432,"column":2}},"133":{"start":{"line":423,"column":4},"end":{"line":429,"column":5}},"134":{"start":{"line":424,"column":8},"end":{"line":426,"column":9}},"135":{"start":{"line":425,"column":12},"end":{"line":425,"column":60}},"136":{"start":{"line":428,"column":8},"end":{"line":428,"column":38}},"137":{"start":{"line":431,"column":4},"end":{"line":431,"column":21}},"138":{"start":{"line":440,"column":0},"end":{"line":450,"column":2}},"139":{"start":{"line":441,"column":4},"end":{"line":447,"column":5}},"140":{"start":{"line":442,"column":8},"end":{"line":444,"column":9}},"141":{"start":{"line":443,"column":12},"end":{"line":443,"column":63}},"142":{"start":{"line":446,"column":8},"end":{"line":446,"column":24}},"143":{"start":{"line":449,"column":4},"end":{"line":449,"column":21}},"144":{"start":{"line":464,"column":0},"end":{"line":479,"column":2}},"145":{"start":{"line":466,"column":4},"end":{"line":469,"column":5}},"146":{"start":{"line":467,"column":8},"end":{"line":467,"column":27}},"147":{"start":{"line":468,"column":8},"end":{"line":468,"column":27}},"148":{"start":{"line":471,"column":4},"end":{"line":473,"column":5}},"149":{"start":{"line":472,"column":8},"end":{"line":472,"column":45}},"150":{"start":{"line":474,"column":4},"end":{"line":476,"column":5}},"151":{"start":{"line":475,"column":8},"end":{"line":475,"column":45}},"152":{"start":{"line":478,"column":4},"end":{"line":478,"column":16}},"153":{"start":{"line":494,"column":0},"end":{"line":537,"column":2}},"154":{"start":{"line":496,"column":4},"end":{"line":496,"column":46}},"155":{"start":{"line":500,"column":4},"end":{"line":500,"column":16}},"156":{"start":{"line":501,"column":4},"end":{"line":508,"column":5}},"157":{"start":{"line":502,"column":8},"end":{"line":503,"column":107}},"158":{"start":{"line":506,"column":8},"end":{"line":507,"column":75}},"159":{"start":{"line":511,"column":4},"end":{"line":513,"column":5}},"160":{"start":{"line":512,"column":8},"end":{"line":512,"column":63}},"161":{"start":{"line":514,"column":4},"end":{"line":516,"column":5}},"162":{"start":{"line":515,"column":8},"end":{"line":515,"column":63}},"163":{"start":{"line":519,"column":4},"end":{"line":532,"column":18}},"164":{"start":{"line":520,"column":8},"end":{"line":520,"column":25}},"165":{"start":{"line":524,"column":8},"end":{"line":526,"column":9}},"166":{"start":{"line":525,"column":12},"end":{"line":525,"column":64}},"167":{"start":{"line":529,"column":8},"end":{"line":531,"column":9}},"168":{"start":{"line":530,"column":12},"end":{"line":530,"column":50}},"169":{"start":{"line":536,"column":4},"end":{"line":536,"column":20}},"170":{"start":{"line":551,"column":0},"end":{"line":551,"column":29}},"171":{"start":{"line":566,"column":0},"end":{"line":566,"column":34}},"172":{"start":{"line":580,"column":0},"end":{"line":580,"column":39}},"173":{"start":{"line":595,"column":0},"end":{"line":595,"column":35}},"174":{"start":{"line":611,"column":0},"end":{"line":611,"column":41}},"175":{"start":{"line":624,"column":0},"end":{"line":624,"column":33}},"176":{"start":{"line":635,"column":0},"end":{"line":635,"column":36}},"177":{"start":{"line":647,"column":0},"end":{"line":647,"column":28}},"178":{"start":{"line":659,"column":0},"end":{"line":659,"column":30}},"179":{"start":{"line":669,"column":0},"end":{"line":669,"column":34}},"180":{"start":{"line":679,"column":0},"end":{"line":679,"column":35}},"181":{"start":{"line":689,"column":0},"end":{"line":689,"column":36}},"182":{"start":{"line":699,"column":0},"end":{"line":699,"column":33}},"183":{"start":{"line":709,"column":0},"end":{"line":709,"column":32}},"184":{"start":{"line":719,"column":0},"end":{"line":719,"column":31}},"185":{"start":{"line":729,"column":0},"end":{"line":729,"column":32}},"186":{"start":{"line":739,"column":0},"end":{"line":739,"column":30}},"187":{"start":{"line":749,"column":0},"end":{"line":749,"column":36}},"188":{"start":{"line":759,"column":0},"end":{"line":759,"column":32}},"189":{"start":{"line":770,"column":0},"end":{"line":770,"column":40}},"190":{"start":{"line":781,"column":0},"end":{"line":781,"column":32}},"191":{"start":{"line":791,"column":0},"end":{"line":791,"column":32}},"192":{"start":{"line":801,"column":0},"end":{"line":801,"column":31}},"193":{"start":{"line":812,"column":0},"end":{"line":812,"column":33}},"194":{"start":{"line":822,"column":0},"end":{"line":822,"column":29}},"195":{"start":{"line":832,"column":0},"end":{"line":832,"column":30}},"196":{"start":{"line":842,"column":0},"end":{"line":842,"column":32}},"197":{"start":{"line":845,"column":0},"end":{"line":845,"column":23}},"198":{"start":{"line":855,"column":0},"end":{"line":863,"column":1}},"199":{"start":{"line":856,"column":4},"end":{"line":856,"column":43}},"200":{"start":{"line":858,"column":4},"end":{"line":862,"column":6}},"201":{"start":{"line":859,"column":8},"end":{"line":859,"column":54}},"202":{"start":{"line":859,"column":31},"end":{"line":859,"column":54}},"203":{"start":{"line":860,"column":8},"end":{"line":860,"column":32}},"204":{"start":{"line":861,"column":8},"end":{"line":861,"column":20}},"205":{"start":{"line":869,"column":0},"end":{"line":887,"column":1}},"206":{"start":{"line":870,"column":4},"end":{"line":870,"column":43}},"207":{"start":{"line":872,"column":4},"end":{"line":886,"column":6}},"208":{"start":{"line":873,"column":8},"end":{"line":873,"column":54}},"209":{"start":{"line":873,"column":31},"end":{"line":873,"column":54}},"210":{"start":{"line":875,"column":8},"end":{"line":883,"column":9}},"211":{"start":{"line":876,"column":12},"end":{"line":876,"column":44}},"212":{"start":{"line":878,"column":13},"end":{"line":883,"column":9}},"213":{"start":{"line":879,"column":12},"end":{"line":879,"column":78}},"214":{"start":{"line":881,"column":13},"end":{"line":883,"column":9}},"215":{"start":{"line":882,"column":12},"end":{"line":882,"column":40}},"216":{"start":{"line":885,"column":8},"end":{"line":885,"column":20}},"217":{"start":{"line":894,"column":0},"end":{"line":905,"column":1}},"218":{"start":{"line":895,"column":4},"end":{"line":895,"column":26}},"219":{"start":{"line":897,"column":4},"end":{"line":904,"column":6}},"220":{"start":{"line":900,"column":8},"end":{"line":900,"column":42}},"221":{"start":{"line":900,"column":31},"end":{"line":900,"column":42}},"222":{"start":{"line":902,"column":8},"end":{"line":902,"column":45}},"223":{"start":{"line":903,"column":8},"end":{"line":903,"column":36}},"224":{"start":{"line":914,"column":0},"end":{"line":948,"column":1}},"225":{"start":{"line":915,"column":4},"end":{"line":915,"column":26}},"226":{"start":{"line":917,"column":4},"end":{"line":947,"column":6}},"227":{"start":{"line":920,"column":8},"end":{"line":920,"column":58}},"228":{"start":{"line":920,"column":31},"end":{"line":920,"column":58}},"229":{"start":{"line":922,"column":8},"end":{"line":944,"column":9}},"230":{"start":{"line":924,"column":12},"end":{"line":924,"column":31}},"231":{"start":{"line":926,"column":13},"end":{"line":944,"column":9}},"232":{"start":{"line":928,"column":12},"end":{"line":928,"column":44}},"233":{"start":{"line":932,"column":12},"end":{"line":932,"column":46}},"234":{"start":{"line":933,"column":12},"end":{"line":941,"column":13}},"235":{"start":{"line":934,"column":16},"end":{"line":934,"column":34}},"236":{"start":{"line":936,"column":17},"end":{"line":941,"column":13}},"237":{"start":{"line":937,"column":14},"end":{"line":937,"column":41}},"238":{"start":{"line":940,"column":16},"end":{"line":940,"column":46}},"239":{"start":{"line":943,"column":12},"end":{"line":943,"column":36}},"240":{"start":{"line":946,"column":8},"end":{"line":946,"column":20}},"241":{"start":{"line":955,"column":0},"end":{"line":966,"column":1}},"242":{"start":{"line":956,"column":4},"end":{"line":956,"column":26}},"243":{"start":{"line":958,"column":4},"end":{"line":965,"column":6}},"244":{"start":{"line":961,"column":8},"end":{"line":961,"column":58}},"245":{"start":{"line":961,"column":31},"end":{"line":961,"column":58}},"246":{"start":{"line":963,"column":8},"end":{"line":963,"column":47}},"247":{"start":{"line":964,"column":8},"end":{"line":964,"column":43}},"248":{"start":{"line":976,"column":0},"end":{"line":1000,"column":1}},"249":{"start":{"line":977,"column":4},"end":{"line":979,"column":5}},"250":{"start":{"line":978,"column":8},"end":{"line":978,"column":47}},"251":{"start":{"line":981,"column":4},"end":{"line":983,"column":5}},"252":{"start":{"line":982,"column":8},"end":{"line":982,"column":35}},"253":{"start":{"line":986,"column":4},"end":{"line":986,"column":52}},"254":{"start":{"line":989,"column":4},"end":{"line":989,"column":39}},"255":{"start":{"line":990,"column":4},"end":{"line":990,"column":38}},"256":{"start":{"line":993,"column":4},"end":{"line":993,"column":31}},"257":{"start":{"line":994,"column":4},"end":{"line":997,"column":5}},"258":{"start":{"line":995,"column":8},"end":{"line":995,"column":43}},"259":{"start":{"line":996,"column":8},"end":{"line":996,"column":31}},"260":{"start":{"line":999,"column":4},"end":{"line":999,"column":18}},"261":{"start":{"line":1007,"column":0},"end":{"line":1012,"column":1}},"262":{"start":{"line":1008,"column":2},"end":{"line":1010,"column":3}},"263":{"start":{"line":1009,"column":4},"end":{"line":1009,"column":15}},"264":{"start":{"line":1011,"column":2},"end":{"line":1011,"column":56}},"265":{"start":{"line":1019,"column":0},"end":{"line":1031,"column":1}},"266":{"start":{"line":1020,"column":2},"end":{"line":1020,"column":60}},"267":{"start":{"line":1021,"column":2},"end":{"line":1023,"column":3}},"268":{"start":{"line":1022,"column":4},"end":{"line":1022,"column":20}},"269":{"start":{"line":1027,"column":2},"end":{"line":1029,"column":3}},"270":{"start":{"line":1028,"column":4},"end":{"line":1028,"column":77}},"271":{"start":{"line":1030,"column":2},"end":{"line":1030,"column":18}},"272":{"start":{"line":1038,"column":0},"end":{"line":1044,"column":1}},"273":{"start":{"line":1039,"column":4},"end":{"line":1041,"column":5}},"274":{"start":{"line":1040,"column":8},"end":{"line":1040,"column":44}},"275":{"start":{"line":1043,"column":4},"end":{"line":1043,"column":17}},"276":{"start":{"line":1053,"column":0},"end":{"line":1060,"column":1}},"277":{"start":{"line":1054,"column":4},"end":{"line":1059,"column":5}},"278":{"start":{"line":1055,"column":8},"end":{"line":1055,"column":36}},"279":{"start":{"line":1058,"column":8},"end":{"line":1058,"column":56}},"280":{"start":{"line":1070,"column":0},"end":{"line":1072,"column":1}},"281":{"start":{"line":1071,"column":4},"end":{"line":1071,"column":58}},"282":{"start":{"line":1074,"column":0},"end":{"line":1074,"column":18}},"283":{"start":{"line":1083,"column":0},"end":{"line":1085,"column":1}},"284":{"start":{"line":1084,"column":4},"end":{"line":1084,"column":28}},"285":{"start":{"line":1084,"column":21},"end":{"line":1084,"column":28}}},"branchMap":{"1":{"line":44,"type":"if","locations":[{"start":{"line":44,"column":4},"end":{"line":44,"column":4}},{"start":{"line":44,"column":4},"end":{"line":44,"column":4}}]},"2":{"line":49,"type":"binary-expr","locations":[{"start":{"line":49,"column":13},"end":{"line":49,"column":19}},{"start":{"line":49,"column":23},"end":{"line":49,"column":25}}]},"3":{"line":50,"type":"if","locations":[{"start":{"line":50,"column":4},"end":{"line":50,"column":4}},{"start":{"line":50,"column":4},"end":{"line":50,"column":4}}]},"4":{"line":55,"type":"cond-expr","locations":[{"start":{"line":55,"column":53},"end":{"line":55,"column":70}},{"start":{"line":55,"column":73},"end":{"line":55,"column":80}}]},"5":{"line":58,"type":"cond-expr","locations":[{"start":{"line":58,"column":63},"end":{"line":58,"column":85}},{"start":{"line":58,"column":88},"end":{"line":58,"column":97}}]},"6":{"line":82,"type":"cond-expr","locations":[{"start":{"line":82,"column":43},"end":{"line":82,"column":55}},{"start":{"line":82,"column":58},"end":{"line":82,"column":63}}]},"7":{"line":95,"type":"if","locations":[{"start":{"line":95,"column":8},"end":{"line":95,"column":8}},{"start":{"line":95,"column":8},"end":{"line":95,"column":8}}]},"8":{"line":99,"type":"if","locations":[{"start":{"line":99,"column":12},"end":{"line":99,"column":12}},{"start":{"line":99,"column":12},"end":{"line":99,"column":12}}]},"9":{"line":116,"type":"if","locations":[{"start":{"line":116,"column":4},"end":{"line":116,"column":4}},{"start":{"line":116,"column":4},"end":{"line":116,"column":4}}]},"10":{"line":116,"type":"binary-expr","locations":[{"start":{"line":116,"column":8},"end":{"line":116,"column":14}},{"start":{
[...]
        args.push(escapeFileArg(this.destination()));","    }","","    return args;","};","","/**"," * Get and set rsync process cwd directory."," *"," * @param  {string} cwd= Directory path relative to current process directory."," * @return {string} Return current _cwd."," */","Rsync.prototype.cwd = function(cwd) {","    if (arguments.length > 0) {","        if (typeof cwd !== 'string') {","            throw new Error('Directory should be a string');","        }","","        this._cwd = path.resolve(cwd);","    }","","    return this._cwd;","};","","/**"," * Get and set rsync process environment variables"," *"," * @param  {string} env= Environment variables"," * @return {string} Return current _env."," */","Rsync.prototype.env = function(env) {","    if (arguments.length > 0) {","        if (typeof env !== 'object') {","            throw new Error('Environment should be an object');","        }","","        this._env = env;","    }","","    return this._env;","};","","/**"," * Register an output handlers for the commands stdout and stderr streams."," * These functions will be called once data is streamed on one of the output buffers"," * when the command is executed using `execute`."," *"," * Only one callback function can be registered for each output stream. Previously"," * registered callbacks will be overridden."," *"," * @param {Function} stdout     Callback Function for stdout data"," * @param {Function} stderr     Callback Function for stderr data"," * @return Rsync"," */","Rsync.prototype.output = function(stdout, stderr) {","    // Check for single argument so the method can be used with Rsync.build","    if (arguments.length === 1 && Array.isArray(stdout)) {","        stderr = stdout[1];","        stdout = stdout[0];","    }","","    if (typeof(stdout) === 'function') {","        this._outputHandlers.stdout = stdout;","    }","    if (typeof(stderr) === 'function') {","        this._outputHandlers.stderr = stdout;","    }","","    return this;","};","","/**"," * Execute the rsync command."," *"," * The callback function is called with an Error object (or null when there was none),"," * the exit code from the executed command and the executed command as a String."," *"," * When stdoutHandler and stderrHandler functions are provided they will be used to stream"," * data from stdout and stderr directly without buffering."," *"," * @param {Function} callback       Called when rsync finishes (optional)"," * @param {Function} stdoutHandler  Called on each chunk received from stdout (optional)"," * @param {Function} stderrHandler  Called on each chunk received from stderr (optional)"," */","Rsync.prototype.execute = function(callback, stdoutHandler, stderrHandler) {","    // Register output handlers","    this.output(stdoutHandler, stderrHandler);","","    // Execute the command as a child process","    // see https://github.com/joyent/node/blob/937e2e351b2450cf1e9c4d8b3e1a4e2a2def58bb/lib/child_process.js#L589","    var cmdProc;","    if ('win32' === process.platform) {","        cmdProc = spawn('cmd.exe', ['/s', '/c', '\"' + this.command() + '\"'],","                        { stdio: 'pipe', windowsVerbatimArguments: true, cwd: this._cwd, env: this._env });","    }","    else {","        cmdProc = spawn(this._executableShell, ['-c', this.command()],","                        { stdio: 'pipe', cwd: this._cwd, env: this._env });","    }","","    // Capture stdout and stderr if there are output handlers configured","    if (typeof(this._outputHandlers.stdout) === 'function') {","        cmdProc.stdout.on('data', this._outputHandlers.stdout);","    }","    if (typeof(this._outputHandlers.stderr) === 'function') {","        cmdProc.stderr.on('data', this._outputHandlers.stderr);","    }","","    // Wait for the command to finish","    cmdProc.on('close', function(code) {","        var error = null;","","        // Check rsyncs error code","        // @see http://bluebones.net/2007/06/rsync-exit-codes/","        if (code !== 0) {","            error = new Error('rsync exited with code ' + code);","        }","","        // Check for callback","        if (typeof(callback) === 'function') {","            callback(error, code, this.command());","        }","    }.bind(this));","","    // Return the child process object so it can be cleaned up","    // if the process exits","    return(cmdProc);","};","","/**"," * Get or set the debug property."," *"," * The property is set to the boolean provided so unsetting the debug"," * property has to be done by passing false to this method."," *"," * @function"," * @name debug"," * @memberOf Rsync.prototype"," * @param {Boolean} debug the value of the debug property (optional)"," * @return {Rsync|Boolean}"," */","createValueAccessor('debug');","","/**"," * Get or set the executable to use for the rsync process."," *"," * When setting the executable path the Rsync instance is returned for"," * the fluent interface. Otherwise the configured executable path"," * is returned."," *"," * @function"," * @name executable"," * @memberOf Rsync.prototype"," * @param {String} executable path to the executable (optional)"," * @return {Rsync|String}"," */","createValueAccessor('executable');","","/**"," * Get or set the shell to use on non-Windows (Unix or Mac OS X) systems."," *"," * When setting the shell the Rsync instance is returned for the"," * fluent interface. Otherwise the configured shell is returned."," *"," * @function"," * @name executableShell"," * @memberOf Rsync.prototype"," * @param {String} shell to use on non-Windows systems (optional)"," * @return {Rsync|String}"," */","createValueAccessor('executableShell');","","/**"," * Get or set the destination for the transfer."," *"," * When setting the destination the Rsync instance is returned for"," * the fluent interface. Otherwise the configured destination path"," * is returned."," *"," * @function"," * @name destination"," * @memberOf Rsync.prototype"," * @param {String} destination the destination (optional)"," * @return {Rsync|String}"," */","createValueAccessor('destination');","","/**"," * Add one or more sources for the command or get the list of configured"," * sources."," *"," * The sources are appended to the list of known sources if they were not"," * included yet and the Rsync instance is returned for the fluent"," * interface. Otherwise the configured list of source is returned."," *"," * @function"," * @name source"," * @memberOf Rsync.prototype"," * @param {String|Array} sources the source or list of sources to configure (optional)"," * @return {Rsync|Array}"," */","createListAccessor('source', '_sources');","","/**"," * Set the shell to use when logging in on a remote server."," *"," * This is the same as setting the `rsh` option."," *"," * @function"," * @name shell"," * @memberOf Rsync.prototype"," * @param {String} shell the shell option to use"," * @return {Rsync}"," */","exposeLongOption('rsh', 'shell');","","/**"," * Add a chmod instruction to the command."," *"," * @function"," * @name chmod"," * @memberOf Rsync.prototype"," * @param {String|Array}"," * @return {Rsync|Array}"," */","exposeMultiOption('chmod', 'chmod');","","/**"," * Set the delete flag."," *"," * This is the same as setting the `--delete` commandline flag."," *"," * @function"," * @name delete"," * @memberOf Rsync.prototype"," * @return {Rsync}"," */","exposeShortOption('delete');","","/**"," * Set the progress flag."," *"," * This is the same as setting the `--progress` commandline flag."," *"," * @function"," * @name progress"," * @memberOf Rsync.prototype"," * @return {Rsync}"," */","exposeShortOption('progress');","","/**"," * Set the archive flag."," *"," * @function"," * @name archive"," * @memberOf Rsync.prototype"," * @return {Rsync}"," */","exposeShortOption('a', 'archive');","","/**"," * Set the compress flag."," *"," * @function"," * @name compress"," * @memberOf Rsync.prototype"," * @return {Rsync}"," */","exposeShortOption('z', 'compress');","","/**"," * Set the recursive flag."," *"," * @function"," * @name recursive"," * @memberOf Rsync.prototype"," * @return {Rsync}"," */","exposeShortOption('r', 'recursive');","","/**"," * Set the update flag."," *"," * @function"," * @name update"," * @memberOf Rsync.prototype"," * @return {Rsync}"," */","exposeShortOption('u', 'update');","","/**"," * Set the quiet flag."," *"," * @function"," * @name quiet"," * @memberOf Rsync.prototype"," * @return {Rsync}"," */","exposeShortOption('q', 'quiet');","","/**"," * Set the dirs flag."," *"," * @function"," * @name dirs"," * @memberOf Rsync.prototype"," * @return {Rsync}"," */","exposeShortOption('d', 'dirs');","","/**"," * Set the links flag."," *"," * @function"," * @name links"," * @memberOf Rsync.prototype"," * @return {Rsync}"," */","exposeShortOption('l', 'links');","","/**"," * Set the dry flag."," *"," * @function"," * @name dry"," * @memberOf Rsync.prototype"," * @return {Rsync}"," */","exposeShortOption('n', 'dry');","","/**"," * Set the hard links flag preserving hard links for the files transmitted."," *"," * @function"," * @name hardLinks"," * @memberOf Rsync.prototype"," * @return {Rsync}"," */","exposeShortOption('H', 'hardLinks');","","/**"," * Set the perms flag."," *"," * @function"," * @name perms"," * @memberOf Rsync.prototype"," * @return {Rsync}"," */","exposeShortOption('p', 'perms');","","/**"," * Set the executability flag to preserve executability for the files"," * transmitted."," *"," * @function"," * @name executability"," * @memberOf Rsync.prototype"," * @return {Rsync}"," */","exposeShortOption('E', 'executability');","","/**"," * Set the group flag to preserve the group permissions of the files"," * transmitted."," *"," * @function"," * @name group"," * @memberOf Rsync.prototype"," * @return {Rsync}"," */","exposeShortOption('g', 'group');","","/**"," * Set the owner flag to preserve the owner of the files transmitted."," *"," * @function"," * @name owner"," * @memberOf Rsync.prototype"," * @return {Rsync}"," */","exposeShortOption('o', 'owner');","","/**"," * Set the acls flag to preserve the ACLs for the files transmitted."," *"," * @function"," * @name acls"," * @memberOf Rsync.prototype"," * @return {Rsync}"," */","exposeShortOption('A', 'acls');","","/**"," * Set the xattrs flag to preserve the extended attributes for the files"," * transmitted."," *"," * @function"," * @name xattrs"," * @memberOf Rsync.prototype"," * @return {Rsync}"," */","exposeShortOption('X', 'xattrs');","","/**"," * Set the devices flag to preserve device files in the transfer."," *"," * @function"," * @name devices"," * @memberOf Rsync.prototype"," * @return {Rsync}"," */","exposeShortOption('devices');","","/**"," * Set the specials flag to preserve special files."," *"," * @function"," * @name specials"," * @memberOf Rsync.prototype"," * @return {Rsync}"," */","exposeShortOption('specials');","","/**"," * Set the times flag to preserve times for the files in the transfer."," *"," * @function"," * @name times"," * @memberOf Rsync.prototype"," * @return {Rsync}"," */","exposeShortOption('t', 'times');","","// our awesome export product","module.exports = Rsync;","","/* **** */","","/**"," * Create a chainable function on the Rsync prototype for getting and setting an"," * internal value."," * @param {String} name"," * @param {String} internal"," */","function createValueAccessor(name, internal) {","    var container = internal || '_' + name;","","    Rsync.prototype[name] = function(value) {","        if (!arguments.length) return this[container];","        this[container] = value;","        return this;","    };","}","","/**"," * @param {String} name"," * @param {String} internal"," */","function createListAccessor(name, internal) {","    var container = internal || '_' + name;","","    Rsync.prototype[name] = function(value) {","        if (!arguments.length) return this[container];","","        if (isArray(value)) {","            value.forEach(this[name], this);","        }","        else if (typeof(value) !== 'string') {","            throw new Error('Value for Rsync::' + name + ' must be a String');","        }","        else if (this[container].indexOf(value) < 0) {","            this[container].push(value);","        }","","        return this;","    };","}","","/**"," * Create a shorthand method on the Rsync prototype for setting and unsetting a simple option."," * @param {String} option"," * @param {String} name"," */","function exposeShortOption(option, name) {","    name = name || option;","","    Rsync.prototype[name] = function(set) {","        // When no arguments are passed in assume the option","        // needs to be set","        if (!arguments.length) set = true;","","        var method = (set) ? 'set' : 'unset';","        return this[method](option);","    };","}","","/**"," * Create a function for an option that can be set multiple time. The option"," * will accumulate all values."," *"," * @param {String} option"," * @param {[String]} name"," */","function exposeMultiOption(option, name) {","    name = name || option;","","    Rsync.prototype[name] = function(value) {","        // When not arguments are passed in assume the options","        // current value is requested","        if (!arguments.length) return this.option(option);","","        if (!value) {","            // Unset the option on falsy","            this.unset(option);","        }","        else if (isArray(value)) {","            // Call this method for each array value","            value.forEach(this[name], this);","        }","        else {","            // Add the value","            var current = this.option(option);","            if (!current) {","                value = [ value ];","            }","            else if (!isArray(current)) {","              value = [ current, value ];","            }","            else {","                value = current.concat(value);","            }","","            this.set(option, value);","        }","","        return this;","    };","}","","/**"," * Expose an rsync long option on the Rsync prototype."," * @param {String} option   The option to expose"," * @param {String} name     An optional alternative name for the option."," */","function exposeLongOption(option, name) {","    name = name || option;","","    Rsync.prototype[name] = function(value) {","        // When not arguments are passed in assume the options","        // current value is requested","        if (!arguments.length) return this.option(option);","","        var method = (value) ? 'set' : 'unset';","        return this[method](option, value);","    };","}","","/**"," * Build an option for use in a shell command."," *"," * @param {String} name"," * @param {String} value"," * @param {Function|boolean} escapeArg"," * @return {String}"," */","function buildOption(name, value, escapeArg) {","    if (typeof escapeArg === 'boolean') {","        escapeArg = (!escapeArg) ? noop : null;","    }","","    if (typeof escapeArg !== 'function') {","        escapeArg = escapeShellArg;","    }","","    // Detect single option key","    var single = (name.length === 1) ? true : false;","","    // Decide on prefix and value glue","    var prefix = (single) ? '-' : '--';","    var glue   = (single) ? ' ' : '=';","","    // Build the option","    var option = prefix + name;","    if (arguments.length > 1 && value) {","        value   = escapeArg(String(value));","        option += glue + value;","    }","","    return option;","}","","/**"," * Escape an argument for use in a shell command when necessary."," * @param {String} arg"," * @return {String}"," */","function escapeShellArg(arg) {","  if (!/([\"'`\\\\$ ])/.test(arg)) {","    return arg;","  }","  return '\"' + arg.replace(/([\"'`\\\\$])/g, '\\\\$1') + '\"';","}","","/**"," * Escape a filename for use in a shell command."," * @param {String} filename the filename to escape"," * @return {String} the escaped version of the filename"," */","function escapeFileArg(filename) {","  filename = filename.replace(/([\"'`\\s\\\\\\(\\)\\\\$])/g,'\\\\$1');","  if (!/(\\\\\\\\)/.test(filename)) {","    return filename;","  }","  // Under Windows rsync (with cygwin) and OpenSSH for Windows","  // (http://www.mls-software.com/opensshd.html) are using ","  // standard linux directory separator so need to replace it","  if ('win32' === process.platform) {","    filename = filename.replace(/\\\\\\\\/g,'/').replace(/^[\"]?[A-Z]\\:\\//ig,'/');","  }","  return filename;","}","","/**"," * Strip the leading dashes from a value."," * @param {String} value"," * @return {String}"," */","function stripLeadingDashes(value) {","    if (typeof(value) === 'string') {","        value = value.replace(/^[\\-]*/, '');","    }","","    return value;","}","","/**"," * Simple function for checking if a value is an Array. Will use the native"," * Array.isArray method if available."," * @private"," * @param {Mixed} value"," * @return {Boolean}"," */","function isArray(value) {","    if (typeof(Array.isArray) === 'function') {","        return Array.isArray(value);","    }","    else {","        return toString.call(value) == '[object Array]';","    }","}","","/**"," * Simple hasOwnProperty wrapper. This will call hasOwnProperty on the obj"," * through the Object prototype."," * @private"," * @param {Object} obj  The object to check the property on"," * @param {String} key  The name of the property to check"," * @return {Boolean}"," */","function hasOP(obj, key) {","    return Object.prototype.hasOwnProperty.call(obj, key);","}","","function noop() {}","","/**"," * Simple debug printer."," *"," * @private"," * @param {Rsync} cmd"," * @param {String} message"," */","function debug(cmd, message) {","    if (!cmd._debug) return;","}",""],"l":{"1":1,"2":1,"43":1,"44":0,"45":0,"49":0,"50":0,"51":0,"55":0,"58":0,"61":0,"62":0,"65":0,"68":0,"71":0,"76":0,"79":0,"82":0,"90":1,"91":0,"94":0,"95":0,"96":0,"99":0,"100":0,"105":0,"114":1,"115":0,"116":0,"117":0,"119":0,"127":1,"128":0,"130":0,"131":0,"133":0,"151":1,"153":0,"154":0,"156":0,"157":0,"161":0,"164":0,"165":0,"168":0,"172":0,"176":0,"177":0,"181":0,"182":0,"183":0,"184":0,"186":0,"190":0,"191":0,"192":0,"193":0,"197":0,"205":1,"206":0,"207":0,"215":1,"216":0,"217":0,"246":1,"247":0,"248":0,"250":0,"251":0,"254":0,"255":0,"256":0,"257":0,"258":0,"260":0,"265":0,"266":0,"270":0,"271":0,"273":0,"274":0,"277":0,"281":0,"291":1,"292":0,"293":0,"295":0,"296":0,"299":0,"300":0,"303":0,"313":1,"314":0,"315":0,"317":0,"318":0,"321":0,"322":0,"325":0,"332":1,"333":0,"341":1,"347":1,"349":0,"353":0,"354":0,"357":0,"358":0,"359":0,"360":0,"363":0,"364":0,"367":0,"368":0,"369":0,"373":0,"381":0,"382":0,"386":0,"387":0,"391":0,"392":0,"393":0,"395":0,"396":0,"399":0,"404":0,"405":0,"409":0,"410":0,"413":0,"422":1,"423":0,"424":0,"425":0,"428":0,"431":0,"440":1,"441":0,"442":0,"443":0,"446":0,"449":0,"464":1,"466":0,"467":0,"468":0,"471":0,"472":0,"474":0,"475":0,"478":0,"494":1,"496":0,"500":0,"501":0,"502":0,"506":0,"511":0,"512":0,"514":0,"515":0,"519":0,"520":0,"524":0,"525":0,"529":0,"530":0,"536":0,"551":1,"566":1,"580":1,"595":1,"611":1,"624":1,"635":1,"647":1,"659":1,"669":1,"679":1,"689":1,"699":1,"709":1,"719":1,"729":1,"739":1,"749":1,"759":1,"770":1,"781":1,"791":1,"801":1,"812":1,"822":1,"832":1,"842":1,"845":1,"855":1,"856":4,"858":4,"859":0,"860":0,"861":0,"869":1,"870":1,"872":1,"873":0,"875":0,"876":0,"878":0,"879":0,"881":0,"882":0,"885":0,"894":1,"895":20,"897":20,"900":0,"902":0,"903":0,"914":1,"915":1,"917":1,"920":0,"922":0,"924":0,"926":0,"928":0,"932":0,"933":0,"934":0,"936":0,"937":0,"940":0,"943":0,"946":0,"955":1,"956":1,"958":1,"961":0,"963":0,"964":0,"976":1,"977":0,"978":0,"981":0,"982":0,"986":0,"989":0,"990":0,"993":0,"994":0,"995":0,"996":0,"999":0,"1007":1,"1008":0,"1009":0,"1011":0,"1019":1,"1020":0,"1021":0,"1022":0,"1027":0,"1028":0,"1030":0,"1038":1,"1039":0,"1040":0,"1043":0,"1053":1,"1054":0,"1055":0,"1058":0,"1070":1,"1071":0,"1074":1,"1083":1,"1084":0}}}